<?xml version="1.0" encoding="utf-8"?>
<TestRun id="e58ff67a-176a-4f29-846a-986e299fa5bc" name="himal@HIMAL 2024-05-29 23:12:19" runUser="HIMAL\himal" xmlns="http://microsoft.com/schemas/VisualStudio/TeamTest/2010">
  <Times creation="2024-05-29T23:12:19.5002997+02:00" queuing="2024-05-29T23:12:19.5003000+02:00" start="2024-05-29T23:12:09.3838560+02:00" finish="2024-05-29T23:12:36.3959249+02:00" />
  <TestSettings name="default" id="fb2620e7-d283-4d27-aa61-1374e3a1bfa1">
    <Deployment runDeploymentRoot="himal_HIMAL_2024-05-29_23_12_19" />
  </TestSettings>
  <Results>
    <UnitTestResult executionId="ac1fdc7a-1423-4228-83a6-4a1c4c240b2a" testId="4846976f-1623-62a9-d753-63cb5c3f64a6" testName="IntegrationTests.Invoice.Sale.RegisterSaleTests.AddSale_WhenItemDoesNotExists_Fails" computerName="HIMAL" duration="00:00:01.5181844" startTime="2024-05-29T23:12:23.5970746+02:00" endTime="2024-05-29T23:12:23.5970748+02:00" testType="13cdc9d9-ddb5-4fa4-a97d-d965ccfc6d4b" outcome="Passed" testListId="8c84fa94-04c1-424b-9868-57a2d4851a1d" relativeResultsDirectory="ac1fdc7a-1423-4228-83a6-4a1c4c240b2a" />
    <UnitTestResult executionId="349e02d9-321e-4fe5-9629-134ced7e083f" testId="45fe0879-5186-d3d6-407d-2be81a71fd46" testName="IntegrationTests.Item.CreateItemTests.CreateItem_ValidItemName_WithAdminToken_Succeeds(itemName: &quot;hamiNepaliHamroNepal&quot;)" computerName="HIMAL" duration="00:00:04.2887987" startTime="2024-05-29T23:12:26.8771118+02:00" endTime="2024-05-29T23:12:26.8771120+02:00" testType="13cdc9d9-ddb5-4fa4-a97d-d965ccfc6d4b" outcome="Passed" testListId="8c84fa94-04c1-424b-9868-57a2d4851a1d" relativeResultsDirectory="349e02d9-321e-4fe5-9629-134ced7e083f" />
    <UnitTestResult executionId="64284a6a-96d7-4221-9cbb-9c7db594cf96" testId="f82c28a9-4114-c5b5-fa41-6e25b90fa81d" testName="IntegrationTests.Item.stock.ReduceStockTests.ReduceStock_WhenItemDoesNotExists_Fails" computerName="HIMAL" duration="00:00:04.1119100" startTime="2024-05-29T23:12:26.8780945+02:00" endTime="2024-05-29T23:12:26.8780946+02:00" testType="13cdc9d9-ddb5-4fa4-a97d-d965ccfc6d4b" outcome="Passed" testListId="8c84fa94-04c1-424b-9868-57a2d4851a1d" relativeResultsDirectory="64284a6a-96d7-4221-9cbb-9c7db594cf96" />
    <UnitTestResult executionId="f152cd96-9f1b-43e8-9303-351f3d5c840e" testId="0e15bc42-512c-cc48-2fe8-91515286ce31" testName="IntegrationTests.Income.IncomeTests.RegisterIncome_WithValidRequest_Succeeds" computerName="HIMAL" duration="00:00:01.6223690" startTime="2024-05-29T23:12:21.1010572+02:00" endTime="2024-05-29T23:12:21.1010575+02:00" testType="13cdc9d9-ddb5-4fa4-a97d-d965ccfc6d4b" outcome="Passed" testListId="8c84fa94-04c1-424b-9868-57a2d4851a1d" relativeResultsDirectory="f152cd96-9f1b-43e8-9303-351f3d5c840e" />
    <UnitTestResult executionId="bcbb53e9-7b0d-4ac7-bbb0-708fbfb8a1dd" testId="d6f2c29b-879a-7066-02d6-be8c511e4b8b" testName="IntegrationTests.Item.UpdateItemTests.UpdateItem_ValidItemName_WithAdminToken_Succeeds" computerName="HIMAL" duration="00:00:02.4466223" startTime="2024-05-29T23:12:21.0879186+02:00" endTime="2024-05-29T23:12:21.0879189+02:00" testType="13cdc9d9-ddb5-4fa4-a97d-d965ccfc6d4b" outcome="Passed" testListId="8c84fa94-04c1-424b-9868-57a2d4851a1d" relativeResultsDirectory="bcbb53e9-7b0d-4ac7-bbb0-708fbfb8a1dd" />
    <UnitTestResult executionId="02c94ccb-57bf-468c-80e4-e4e199a965a2" testId="937ae4c0-69b3-b0c9-5a9b-20e3c728e9f2" testName="IntegrationTests.BillingParty.CreateTests.CreateBillingParty_ValidBillingParty_AlreadyExists_Fails" computerName="HIMAL" duration="00:00:02.4144272" startTime="2024-05-29T23:12:20.9609220+02:00" endTime="2024-05-29T23:12:20.9609223+02:00" testType="13cdc9d9-ddb5-4fa4-a97d-d965ccfc6d4b" outcome="Passed" testListId="8c84fa94-04c1-424b-9868-57a2d4851a1d" relativeResultsDirectory="02c94ccb-57bf-468c-80e4-e4e199a965a2" />
    <UnitTestResult executionId="225d5efa-9420-44ce-a664-a7b870c7ffcf" testId="425c1968-be5d-bf0c-bbee-2094b9cb6701" testName="IntegrationTests.Income.GetIncomeByBillingPartyTests.GetIncomeByBillingParty_NoBillingParty_ReturnsAnEmptyList" computerName="HIMAL" duration="00:00:03.9314731" startTime="2024-05-29T23:12:26.9581529+02:00" endTime="2024-05-29T23:12:26.9581530+02:00" testType="13cdc9d9-ddb5-4fa4-a97d-d965ccfc6d4b" outcome="Passed" testListId="8c84fa94-04c1-424b-9868-57a2d4851a1d" relativeResultsDirectory="225d5efa-9420-44ce-a664-a7b870c7ffcf" />
    <UnitTestResult executionId="47e3f868-5f80-4b8b-83e8-0a70ee7bdd94" testId="565c3fe1-ecca-d1e0-9167-d92cf1773d5e" testName="IntegrationTests.Item.CreateItemTests.CreateItem_ValidItemNameThatAlreadyExists_WithAdminToken_Fails(itemName: &quot;thr&quot;)" computerName="HIMAL" duration="00:00:00.4808605" startTime="2024-05-29T23:12:32.4026682+02:00" endTime="2024-05-29T23:12:32.4026690+02:00" testType="13cdc9d9-ddb5-4fa4-a97d-d965ccfc6d4b" outcome="Passed" testListId="8c84fa94-04c1-424b-9868-57a2d4851a1d" relativeResultsDirectory="47e3f868-5f80-4b8b-83e8-0a70ee7bdd94" />
    <UnitTestResult executionId="04fd3b87-b267-4efc-adad-d1aec32e80e9" testId="c330e391-96d3-0da1-5a63-b32c5f87b31b" testName="IntegrationTests.Item.CreateItemTests.CreateItem_InValidItemName_WithAdminToken_Fails(itemName: &quot;aaaaaaaaaaaaaaaaaaaaa&quot;)" computerName="HIMAL" duration="00:00:00.5123939" startTime="2024-05-29T23:12:31.2167076+02:00" endTime="2024-05-29T23:12:31.2167077+02:00" testType="13cdc9d9-ddb5-4fa4-a97d-d965ccfc6d4b" outcome="Passed" testListId="8c84fa94-04c1-424b-9868-57a2d4851a1d" relativeResultsDirectory="04fd3b87-b267-4efc-adad-d1aec32e80e9" />
    <UnitTestResult executionId="855da8aa-1798-425f-961e-fa540524c773" testId="8f2c969d-4e43-bd61-91ca-1a26c7b43509" testName="IntegrationTests.Income.IncomeTests.RegisterIncome_WhenBillingPartyDoesNotExists_Fails" computerName="HIMAL" duration="00:00:01.5077388" startTime="2024-05-29T23:12:22.6090486+02:00" endTime="2024-05-29T23:12:22.6090489+02:00" testType="13cdc9d9-ddb5-4fa4-a97d-d965ccfc6d4b" outcome="Passed" testListId="8c84fa94-04c1-424b-9868-57a2d4851a1d" relativeResultsDirectory="855da8aa-1798-425f-961e-fa540524c773" />
    <UnitTestResult executionId="134e29ef-3732-40bb-8b75-d39f466567dc" testId="96f1d89a-97d0-9a74-e0a3-18013960a3b9" testName="IntegrationTests.BillingParty.GetBillingPartyTests.GetBillingParties_NoBillingParty_ReturnsAnEmptyList" computerName="HIMAL" duration="00:00:02.4016348" startTime="2024-05-29T23:12:20.3905618+02:00" endTime="2024-05-29T23:12:20.3905620+02:00" testType="13cdc9d9-ddb5-4fa4-a97d-d965ccfc6d4b" outcome="Passed" testListId="8c84fa94-04c1-424b-9868-57a2d4851a1d" relativeResultsDirectory="134e29ef-3732-40bb-8b75-d39f466567dc" />
    <UnitTestResult executionId="19961ac7-50ca-49f9-83aa-f3cd9ca650a2" testId="dea42579-a0f4-e6ee-37b0-a02988ad9dee" testName="IntegrationTests.Item.CreateItemTests.CreateItem_ValidItemNameThatAlreadyExists_WithAdminToken_Fails(itemName: &quot;gatta&quot;)" computerName="HIMAL" duration="00:00:00.5015752" startTime="2024-05-29T23:12:32.9043282+02:00" endTime="2024-05-29T23:12:32.9043283+02:00" testType="13cdc9d9-ddb5-4fa4-a97d-d965ccfc6d4b" outcome="Passed" testListId="8c84fa94-04c1-424b-9868-57a2d4851a1d" relativeResultsDirectory="19961ac7-50ca-49f9-83aa-f3cd9ca650a2" />
    <UnitTestResult executionId="452abf19-1251-4867-ae93-7d0baa5b7e3f" testId="df72c0ed-4afa-66af-4a81-adfeb072350b" testName="IntegrationTests.Item.stock.AddStockTests.AddStock_WhenItemDoesNotExists_Fails" computerName="HIMAL" duration="00:00:02.3781020" startTime="2024-05-29T23:12:20.7016633+02:00" endTime="2024-05-29T23:12:20.7016636+02:00" testType="13cdc9d9-ddb5-4fa4-a97d-d965ccfc6d4b" outcome="Passed" testListId="8c84fa94-04c1-424b-9868-57a2d4851a1d" relativeResultsDirectory="452abf19-1251-4867-ae93-7d0baa5b7e3f" />
    <UnitTestResult executionId="b96b1e29-7aeb-4a6a-8117-e5e1da2a2386" testId="96da9879-6143-0f2f-f400-1f122a7fdad5" testName="IntegrationTests.Item.stock.GetStocksTests.GetStocks_NoTokenFails" computerName="HIMAL" duration="00:00:00.3243866" startTime="2024-05-29T23:12:27.2046183+02:00" endTime="2024-05-29T23:12:27.2046184+02:00" testType="13cdc9d9-ddb5-4fa4-a97d-d965ccfc6d4b" outcome="Passed" testListId="8c84fa94-04c1-424b-9868-57a2d4851a1d" relativeResultsDirectory="b96b1e29-7aeb-4a6a-8117-e5e1da2a2386" />
    <UnitTestResult executionId="e8a0b768-25fd-4319-9e4b-545a65c082cb" testId="a4c6a727-e446-99d5-3c00-f3c44b63c7c1" testName="IntegrationTests.Item.CreateItemTests.CreateItem_InValidItemName_WithAdminToken_Fails(itemName: &quot;hami Nepali Hamro Nepal&quot;)" computerName="HIMAL" duration="00:00:00.4774321" startTime="2024-05-29T23:12:31.6942189+02:00" endTime="2024-05-29T23:12:31.6942190+02:00" testType="13cdc9d9-ddb5-4fa4-a97d-d965ccfc6d4b" outcome="Passed" testListId="8c84fa94-04c1-424b-9868-57a2d4851a1d" relativeResultsDirectory="e8a0b768-25fd-4319-9e4b-545a65c082cb" />
    <UnitTestResult executionId="4391563b-ace3-4f2a-8be2-717191fef014" testId="98d0595b-09c7-726c-8030-858172eda69a" testName="IntegrationTests.Authentication.LoginAdminTests.LoginAdmin_WithValidEmailAnd_InValidPassword_ReturnsBadRequestResponse_WithCorrectErrorMessage" computerName="HIMAL" duration="00:00:02.2454093" startTime="2024-05-29T23:12:21.7010222+02:00" endTime="2024-05-29T23:12:21.7010223+02:00" testType="13cdc9d9-ddb5-4fa4-a97d-d965ccfc6d4b" outcome="Passed" testListId="8c84fa94-04c1-424b-9868-57a2d4851a1d" relativeResultsDirectory="4391563b-ace3-4f2a-8be2-717191fef014" />
    <UnitTestResult executionId="477c11fc-383e-43cf-8720-35732fc17ab3" testId="12fad3a8-fa10-9d3f-685f-a83f6d87ea84" testName="IntegrationTests.Expense.ExpenseTests.RegisterExpense_NoToken_Fails" computerName="HIMAL" duration="00:00:01.1737207" startTime="2024-05-29T23:12:20.1227085+02:00" endTime="2024-05-29T23:12:20.1227087+02:00" testType="13cdc9d9-ddb5-4fa4-a97d-d965ccfc6d4b" outcome="Passed" testListId="8c84fa94-04c1-424b-9868-57a2d4851a1d" relativeResultsDirectory="477c11fc-383e-43cf-8720-35732fc17ab3" />
    <UnitTestResult executionId="7819a360-42ad-4d4c-b68b-e5c37254e3bb" testId="789fc19c-36e4-aa66-38d7-a177b6446379" testName="IntegrationTests.Item.CreateItemTests.CreateItem_ValidItemName_WithAdminToken_Succeeds(itemName: &quot;someitem name12&quot;)" computerName="HIMAL" duration="00:00:00.6494286" startTime="2024-05-29T23:12:28.9057760+02:00" endTime="2024-05-29T23:12:28.9057761+02:00" testType="13cdc9d9-ddb5-4fa4-a97d-d965ccfc6d4b" outcome="Passed" testListId="8c84fa94-04c1-424b-9868-57a2d4851a1d" relativeResultsDirectory="7819a360-42ad-4d4c-b68b-e5c37254e3bb" />
    <UnitTestResult executionId="431f9f9b-788e-42cd-bd34-3d38817dbb5b" testId="49ccefad-1c41-c438-7c1e-c43ddb94ea45" testName="IntegrationTests.BillingParty.GetBillingPartyTests.GetBillingParty_BillingPartyExistsInDatabase_ReturnsListOfBillingParties" computerName="HIMAL" duration="00:00:01.5346935" startTime="2024-05-29T23:12:21.9254731+02:00" endTime="2024-05-29T23:12:21.9254733+02:00" testType="13cdc9d9-ddb5-4fa4-a97d-d965ccfc6d4b" outcome="Passed" testListId="8c84fa94-04c1-424b-9868-57a2d4851a1d" relativeResultsDirectory="431f9f9b-788e-42cd-bd34-3d38817dbb5b" />
    <UnitTestResult executionId="15ec46ec-ab5c-447e-94a4-0898ce08ca5e" testId="7363bcc8-fcd5-7d19-088a-1a0e8ab43494" testName="IntegrationTests.Item.CreateItemTests.CreateItem_ValidItemNameThatAlreadyExists_WithAdminToken_Fails(itemName: &quot;someitem name12&quot;)" computerName="HIMAL" duration="00:00:00.4601891" startTime="2024-05-29T23:12:33.3645988+02:00" endTime="2024-05-29T23:12:33.3645989+02:00" testType="13cdc9d9-ddb5-4fa4-a97d-d965ccfc6d4b" outcome="Passed" testListId="8c84fa94-04c1-424b-9868-57a2d4851a1d" relativeResultsDirectory="15ec46ec-ab5c-447e-94a4-0898ce08ca5e" />
    <UnitTestResult executionId="5d394b84-f586-407e-80b0-ce3ba3994dad" testId="4304e851-8846-b7e5-f8ed-4d4b633dca8e" testName="IntegrationTests.Item.stock.ReduceStockTests.RemoveStock_NoTokenFails" computerName="HIMAL" duration="00:00:00.3024592" startTime="2024-05-29T23:12:27.1807368+02:00" endTime="2024-05-29T23:12:27.1807370+02:00" testType="13cdc9d9-ddb5-4fa4-a97d-d965ccfc6d4b" outcome="Passed" testListId="8c84fa94-04c1-424b-9868-57a2d4851a1d" relativeResultsDirectory="5d394b84-f586-407e-80b0-ce3ba3994dad" />
    <UnitTestResult executionId="2517a4da-0158-4b04-8864-10c9ff5ed0ba" testId="68b9f43d-ec77-2970-45f7-55bd0544e0c4" testName="IntegrationTests.BillingParty.UpdateBillingPartyCommandTests.UpdateBillingParty_NoToken_Fails" computerName="HIMAL" duration="00:00:03.0814867" startTime="2024-05-29T23:12:18.5184535+02:00" endTime="2024-05-29T23:12:18.5184937+02:00" testType="13cdc9d9-ddb5-4fa4-a97d-d965ccfc6d4b" outcome="Passed" testListId="8c84fa94-04c1-424b-9868-57a2d4851a1d" relativeResultsDirectory="2517a4da-0158-4b04-8864-10c9ff5ed0ba" />
    <UnitTestResult executionId="2ff8e0c5-6bc2-4fa3-a159-508fada6b8db" testId="09e18052-9240-2f11-7889-e103f4954b7e" testName="IntegrationTests.Purchase.RegisterPurchaseTests.AddPurchase_WhenBillingPartyDoesNotExists_Fails" computerName="HIMAL" duration="00:00:01.5291931" startTime="2024-05-29T23:12:23.5874490+02:00" endTime="2024-05-29T23:12:23.5874492+02:00" testType="13cdc9d9-ddb5-4fa4-a97d-d965ccfc6d4b" outcome="Passed" testListId="8c84fa94-04c1-424b-9868-57a2d4851a1d" relativeResultsDirectory="2ff8e0c5-6bc2-4fa3-a159-508fada6b8db" />
    <UnitTestResult executionId="a6c99a3c-19a8-4cf5-8911-59b993fb5c3c" testId="45ebb689-ff07-7105-c4b1-be5dda0140db" testName="IntegrationTests.Item.UpdateItemTests.UpdateItem_ItemNameAlreadyExists_WithAdminToken_Fails" computerName="HIMAL" duration="00:00:04.0385403" startTime="2024-05-29T23:12:26.9540587+02:00" endTime="2024-05-29T23:12:26.9540589+02:00" testType="13cdc9d9-ddb5-4fa4-a97d-d965ccfc6d4b" outcome="Passed" testListId="8c84fa94-04c1-424b-9868-57a2d4851a1d" relativeResultsDirectory="a6c99a3c-19a8-4cf5-8911-59b993fb5c3c" />
    <UnitTestResult executionId="16025866-2732-4f69-b25b-1076b81d1da8" testId="1a12a2ea-430e-7a26-79ef-6561861e791e" testName="IntegrationTests.Item.UpdateItemTests.UpdateItem_ItemDoesNotExist_WithAdminToken_Fails" computerName="HIMAL" duration="00:00:01.4926499" startTime="2024-05-29T23:12:22.9152713+02:00" endTime="2024-05-29T23:12:22.9152715+02:00" testType="13cdc9d9-ddb5-4fa4-a97d-d965ccfc6d4b" outcome="Passed" testListId="8c84fa94-04c1-424b-9868-57a2d4851a1d" relativeResultsDirectory="16025866-2732-4f69-b25b-1076b81d1da8" />
    <UnitTestResult executionId="b0064bdb-b1e2-43a3-b135-261bcc9ce4db" testId="fa87bfb6-34ee-daa9-23b4-349ddf932e0d" testName="IntegrationTests.Item.UpdateItemTests.UpdateItem_InvalidGUID_WithAdminToken_Fails" computerName="HIMAL" duration="00:00:00.7218188" startTime="2024-05-29T23:12:27.6760648+02:00" endTime="2024-05-29T23:12:27.6760649+02:00" testType="13cdc9d9-ddb5-4fa4-a97d-d965ccfc6d4b" outcome="Passed" testListId="8c84fa94-04c1-424b-9868-57a2d4851a1d" relativeResultsDirectory="b0064bdb-b1e2-43a3-b135-261bcc9ce4db" />
    <UnitTestResult executionId="68d9603d-6d21-4c07-acc3-c78b912105d7" testId="cab6102b-c62a-741a-40c5-87a77acf55c8" testName="IntegrationTests.Item.stock.AddStockTests.AddStock_WhenItemExists_AddsStock" computerName="HIMAL" duration="00:00:01.5276559" startTime="2024-05-29T23:12:22.2295424+02:00" endTime="2024-05-29T23:12:22.2295426+02:00" testType="13cdc9d9-ddb5-4fa4-a97d-d965ccfc6d4b" outcome="Passed" testListId="8c84fa94-04c1-424b-9868-57a2d4851a1d" relativeResultsDirectory="68d9603d-6d21-4c07-acc3-c78b912105d7" />
    <UnitTestResult executionId="0a2e3934-cdb2-43bc-aef0-a08ac98d8bcb" testId="5d4ea06e-dded-f8ec-c0da-d56d75d0df83" testName="IntegrationTests.Invoice.Sale.RegisterSaleTests.AddSale_NoTokenFails" computerName="HIMAL" duration="00:00:00.3486562" startTime="2024-05-29T23:12:20.5943560+02:00" endTime="2024-05-29T23:12:20.5943563+02:00" testType="13cdc9d9-ddb5-4fa4-a97d-d965ccfc6d4b" outcome="Passed" testListId="8c84fa94-04c1-424b-9868-57a2d4851a1d" relativeResultsDirectory="0a2e3934-cdb2-43bc-aef0-a08ac98d8bcb" />
    <UnitTestResult executionId="1190c67d-b4ae-455b-8095-1bf569f6aa18" testId="353abf75-9ecc-8a54-41af-3928e472fb28" testName="IntegrationTests.Item.UpdateItemTests.UpdateItem_NoToken_Fails" computerName="HIMAL" duration="00:00:00.3342981" startTime="2024-05-29T23:12:21.4224159+02:00" endTime="2024-05-29T23:12:21.4224161+02:00" testType="13cdc9d9-ddb5-4fa4-a97d-d965ccfc6d4b" outcome="Passed" testListId="8c84fa94-04c1-424b-9868-57a2d4851a1d" relativeResultsDirectory="1190c67d-b4ae-455b-8095-1bf569f6aa18" />
    <UnitTestResult executionId="36662716-2bf0-4f50-a3dd-6b3c68e14cf6" testId="7cb1f8c2-cad1-79ce-224c-81bb5543ad4f" testName="IntegrationTests.Item.stock.GetStocksTests.GetStocks_WhenItemExists_AndStocksDoesNotExists_ReturnsSuccessWithEmptyList" computerName="HIMAL" duration="00:00:01.5523139" startTime="2024-05-29T23:12:22.3798845+02:00" endTime="2024-05-29T23:12:22.3798847+02:00" testType="13cdc9d9-ddb5-4fa4-a97d-d965ccfc6d4b" outcome="Passed" testListId="8c84fa94-04c1-424b-9868-57a2d4851a1d" relativeResultsDirectory="36662716-2bf0-4f50-a3dd-6b3c68e14cf6" />
    <UnitTestResult executionId="f8b31ab6-4166-4d9b-9ada-5953f7328088" testId="4d128c6d-4f49-0b08-7340-66651a16b181" testName="IntegrationTests.Item.CreateItemTests.CreateItem_InValidItemName_WithAdminToken_Fails(itemName: &quot;&quot;)" computerName="HIMAL" duration="00:00:00.6330694" startTime="2024-05-29T23:12:30.7042322+02:00" endTime="2024-05-29T23:12:30.7042322+02:00" testType="13cdc9d9-ddb5-4fa4-a97d-d965ccfc6d4b" outcome="Passed" testListId="8c84fa94-04c1-424b-9868-57a2d4851a1d" relativeResultsDirectory="f8b31ab6-4166-4d9b-9ada-5953f7328088" />
    <UnitTestResult executionId="cd7654a2-9486-473c-8c5a-58f4fd1afe03" testId="260e112a-9ce0-14bf-c2bc-33e52b7d544b" testName="IntegrationTests.Authentication.RegisterAdminTests.RegisterAdmin_WithAdminToken_InvalidEmail_Fails" computerName="HIMAL" duration="00:00:03.9782407" startTime="2024-05-29T23:12:26.9567833+02:00" endTime="2024-05-29T23:12:26.9567834+02:00" testType="13cdc9d9-ddb5-4fa4-a97d-d965ccfc6d4b" outcome="Passed" testListId="8c84fa94-04c1-424b-9868-57a2d4851a1d" relativeResultsDirectory="cd7654a2-9486-473c-8c5a-58f4fd1afe03" />
    <UnitTestResult executionId="2850200e-5976-4494-b3e3-a07b4c2ceef7" testId="4a288301-c535-9f11-d2b3-8de27c33046a" testName="IntegrationTests.BillingParty.UpdateBillingPartyCommandTests.UpdateBillingParty_ValidBillingParty_PartyDoesNotExist_Fails" computerName="HIMAL" duration="00:00:01.4722149" startTime="2024-05-29T23:12:21.7031119+02:00" endTime="2024-05-29T23:12:21.7031123+02:00" testType="13cdc9d9-ddb5-4fa4-a97d-d965ccfc6d4b" outcome="Passed" testListId="8c84fa94-04c1-424b-9868-57a2d4851a1d" relativeResultsDirectory="2850200e-5976-4494-b3e3-a07b4c2ceef7" />
    <UnitTestResult executionId="591eefe7-6c58-4cb7-a1e5-b5ae1b9f012f" testId="12c0cecb-c561-22ec-7e52-c6ec5e56b729" testName="IntegrationTests.BillingParty.CreateTests.CreateBillingParty_NoToken_Fails" computerName="HIMAL" duration="00:00:00.6353130" startTime="2024-05-29T23:12:23.1303055+02:00" endTime="2024-05-29T23:12:23.1303057+02:00" testType="13cdc9d9-ddb5-4fa4-a97d-d965ccfc6d4b" outcome="Passed" testListId="8c84fa94-04c1-424b-9868-57a2d4851a1d" relativeResultsDirectory="591eefe7-6c58-4cb7-a1e5-b5ae1b9f012f" />
    <UnitTestResult executionId="e3c3aefb-7749-415f-a894-3e3af3e2900d" testId="169a0eae-420d-ee5b-14d8-0fc2c07971ee" testName="IntegrationTests.Income.GetIncomeByBillingPartyTests.GetIncomeByBillingParty_NoToken_Fails" computerName="HIMAL" duration="00:00:00.3124096" startTime="2024-05-29T23:12:27.2707606+02:00" endTime="2024-05-29T23:12:27.2707607+02:00" testType="13cdc9d9-ddb5-4fa4-a97d-d965ccfc6d4b" outcome="Passed" testListId="8c84fa94-04c1-424b-9868-57a2d4851a1d" relativeResultsDirectory="e3c3aefb-7749-415f-a894-3e3af3e2900d" />
    <UnitTestResult executionId="c042a090-b89a-4540-a6f8-85135908f124" testId="bd342d3b-1eae-c88f-f691-f7ebcbba93b1" testName="IntegrationTests.Purchase.RegisterPurchaseTests.AddPurchase_WhenItemDoesNotExists_Fails" computerName="HIMAL" duration="00:00:01.5057130" startTime="2024-05-29T23:12:22.0580337+02:00" endTime="2024-05-29T23:12:22.0580339+02:00" testType="13cdc9d9-ddb5-4fa4-a97d-d965ccfc6d4b" outcome="Passed" testListId="8c84fa94-04c1-424b-9868-57a2d4851a1d" relativeResultsDirectory="c042a090-b89a-4540-a6f8-85135908f124" />
    <UnitTestResult executionId="2a63d5ed-f899-49d0-aa9a-2dc43b1472de" testId="4d616965-c2ca-27f9-b9fc-f1df04108041" testName="IntegrationTests.Expense.ExpenseTests.RegisterExpense_WithValidEmployeeRequest_Succeeds" computerName="HIMAL" duration="00:00:00.7162258" startTime="2024-05-29T23:12:27.8666733+02:00" endTime="2024-05-29T23:12:27.8666733+02:00" testType="13cdc9d9-ddb5-4fa4-a97d-d965ccfc6d4b" outcome="Passed" testListId="8c84fa94-04c1-424b-9868-57a2d4851a1d" relativeResultsDirectory="2a63d5ed-f899-49d0-aa9a-2dc43b1472de" />
    <UnitTestResult executionId="c172fb23-12a2-4ddf-9bb1-fbb128393543" testId="908f96af-96f5-5444-d284-dd059f27e0e2" testName="IntegrationTests.BillingParty.UpdateBillingPartyCommandTests.UpdateBillingParty_ValidBillingParty_PartyExists_Succeeds" computerName="HIMAL" duration="00:00:01.7120557" startTime="2024-05-29T23:12:20.2306700+02:00" endTime="2024-05-29T23:12:20.2306703+02:00" testType="13cdc9d9-ddb5-4fa4-a97d-d965ccfc6d4b" outcome="Passed" testListId="8c84fa94-04c1-424b-9868-57a2d4851a1d" relativeResultsDirectory="c172fb23-12a2-4ddf-9bb1-fbb128393543" />
    <UnitTestResult executionId="814d0658-f996-414d-a58b-fc6e4ccd7f07" testId="39f166c3-e3cb-8f9c-8bff-a1ae4d70f50e" testName="IntegrationTests.Item.stock.GetStocksTests.GetStocks_WhenItemExists_AndStocksAlsoExists_ReturnsSuccessWithNonEmptyList" computerName="HIMAL" duration="00:00:02.5020280" startTime="2024-05-29T23:12:20.8273597+02:00" endTime="2024-05-29T23:12:20.8273598+02:00" testType="13cdc9d9-ddb5-4fa4-a97d-d965ccfc6d4b" outcome="Passed" testListId="8c84fa94-04c1-424b-9868-57a2d4851a1d" relativeResultsDirectory="814d0658-f996-414d-a58b-fc6e4ccd7f07" />
    <UnitTestResult executionId="80d6a4bf-fd6d-4565-9701-d4cd01d7bf9e" testId="864fab4f-a49e-1231-5af1-38f65889f74a" testName="IntegrationTests.Item.CreateItemTests.CreateItem_ValidItemName_WithAdminToken_Succeeds(itemName: &quot;gatta&quot;)" computerName="HIMAL" duration="00:00:00.5943025" startTime="2024-05-29T23:12:29.5001838+02:00" endTime="2024-05-29T23:12:29.5001839+02:00" testType="13cdc9d9-ddb5-4fa4-a97d-d965ccfc6d4b" outcome="Passed" testListId="8c84fa94-04c1-424b-9868-57a2d4851a1d" relativeResultsDirectory="80d6a4bf-fd6d-4565-9701-d4cd01d7bf9e" />
    <UnitTestResult executionId="aa84932d-5557-48aa-95e5-45f0ba5c40b8" testId="c778d1c5-7ecb-2819-4994-058795401556" testName="IntegrationTests.Item.GetItemTests.GetItems_NoItems_ReturnsAnEmptyList" computerName="HIMAL" duration="00:00:01.5035213" startTime="2024-05-29T23:12:22.3304733+02:00" endTime="2024-05-29T23:12:22.3304735+02:00" testType="13cdc9d9-ddb5-4fa4-a97d-d965ccfc6d4b" outcome="Passed" testListId="8c84fa94-04c1-424b-9868-57a2d4851a1d" relativeResultsDirectory="aa84932d-5557-48aa-95e5-45f0ba5c40b8" />
    <UnitTestResult executionId="8f629a00-2e89-4a25-a0f5-b4916f41a75a" testId="43380cbe-34f9-677c-11c1-d324051f57ab" testName="IntegrationTests.Purchase.RegisterPurchaseTests.AddPurchase_WhenItemAndBillingPartyExists_AddPurchase" computerName="HIMAL" duration="00:00:02.4843262" startTime="2024-05-29T23:12:20.5520993+02:00" endTime="2024-05-29T23:12:20.5520995+02:00" testType="13cdc9d9-ddb5-4fa4-a97d-d965ccfc6d4b" outcome="Passed" testListId="8c84fa94-04c1-424b-9868-57a2d4851a1d" relativeResultsDirectory="8f629a00-2e89-4a25-a0f5-b4916f41a75a" />
    <UnitTestResult executionId="10fcbc8c-51ad-4f34-956e-eb57c673e78c" testId="f44d1c77-1e2f-f3dd-c218-526e21b40067" testName="IntegrationTests.Item.CreateItemTests.CreateItem_ValidItemNameThatAlreadyExists_WithAdminToken_Fails(itemName: &quot;GATTA&quot;)" computerName="HIMAL" duration="00:00:00.6260445" startTime="2024-05-29T23:12:35.2478250+02:00" endTime="2024-05-29T23:12:35.2478251+02:00" testType="13cdc9d9-ddb5-4fa4-a97d-d965ccfc6d4b" outcome="Passed" testListId="8c84fa94-04c1-424b-9868-57a2d4851a1d" relativeResultsDirectory="10fcbc8c-51ad-4f34-956e-eb57c673e78c" />
    <UnitTestResult executionId="fad0b4ba-05d7-4d44-93b1-a3a519a04071" testId="44fec095-6fc2-8b5f-8da4-2d3f6bf7e0f7" testName="IntegrationTests.Item.CreateItemTests.CreateItem_ValidItemName_WithAdminToken_Succeeds(itemName: &quot;someitem name&quot;)" computerName="HIMAL" duration="00:00:00.6421383" startTime="2024-05-29T23:12:28.2562355+02:00" endTime="2024-05-29T23:12:28.2562356+02:00" testType="13cdc9d9-ddb5-4fa4-a97d-d965ccfc6d4b" outcome="Passed" testListId="8c84fa94-04c1-424b-9868-57a2d4851a1d" relativeResultsDirectory="fad0b4ba-05d7-4d44-93b1-a3a519a04071" />
    <UnitTestResult executionId="003ac38e-8e8d-45fc-bc88-41cbf34e951e" testId="0349a805-41b5-2fd8-7c51-6ba5244a5712" testName="IntegrationTests.Income.IncomeTests.RegisterIncome_NoToken_Fails" computerName="HIMAL" duration="00:00:01.1450023" startTime="2024-05-29T23:12:19.4785075+02:00" endTime="2024-05-29T23:12:19.4785077+02:00" testType="13cdc9d9-ddb5-4fa4-a97d-d965ccfc6d4b" outcome="Passed" testListId="8c84fa94-04c1-424b-9868-57a2d4851a1d" relativeResultsDirectory="003ac38e-8e8d-45fc-bc88-41cbf34e951e" />
    <UnitTestResult executionId="3e2bcb88-da63-42cd-8c6b-5d614b440131" testId="1375fa22-0e84-5f8f-684d-77b1d20101a7" testName="IntegrationTests.Item.GetItemTests.GetItems_NoToken_Fails" computerName="HIMAL" duration="00:00:00.3417225" startTime="2024-05-29T23:12:20.8267338+02:00" endTime="2024-05-29T23:12:20.8267340+02:00" testType="13cdc9d9-ddb5-4fa4-a97d-d965ccfc6d4b" outcome="Passed" testListId="8c84fa94-04c1-424b-9868-57a2d4851a1d" relativeResultsDirectory="3e2bcb88-da63-42cd-8c6b-5d614b440131" />
    <UnitTestResult executionId="02da77e7-3243-4a37-a5e6-8b29715c0f86" testId="967d1735-5444-12c3-bb9d-a715d1469c10" testName="IntegrationTests.Authentication.RegisterAdminTests.Register_AdminWithAdminToken_WhenAdminAlreadyExists_Fails" computerName="HIMAL" duration="00:00:01.8177005" startTime="2024-05-29T23:12:22.9783851+02:00" endTime="2024-05-29T23:12:22.9783853+02:00" testType="13cdc9d9-ddb5-4fa4-a97d-d965ccfc6d4b" outcome="Passed" testListId="8c84fa94-04c1-424b-9868-57a2d4851a1d" relativeResultsDirectory="02da77e7-3243-4a37-a5e6-8b29715c0f86" />
    <UnitTestResult executionId="fe71799b-a61e-4440-9f20-890570c89684" testId="70511de2-6aa0-9e55-57e0-45c5598e227f" testName="IntegrationTests.Item.CreateItemTests.CreateItem_ValidItemNameThatAlreadyExists_WithAdminToken_Fails(itemName: &quot;hamiNepaliHamroNepal&quot;)" computerName="HIMAL" duration="00:00:00.7155021" startTime="2024-05-29T23:12:34.6216126+02:00" endTime="2024-05-29T23:12:34.6216127+02:00" testType="13cdc9d9-ddb5-4fa4-a97d-d965ccfc6d4b" outcome="Passed" testListId="8c84fa94-04c1-424b-9868-57a2d4851a1d" relativeResultsDirectory="fe71799b-a61e-4440-9f20-890570c89684" />
    <UnitTestResult executionId="37dfe997-65f4-4796-89db-39281e469a29" testId="efcf6899-7305-cff1-7d64-ae401666dbfa" testName="IntegrationTests.Item.CreateItemTests.CreateItem_InValidItemName_WithAdminToken_Fails(itemName: &quot;aaaaaaaaaaaaaaaaaaaaaaaaaaaaaaaaaaaaaaaaaaaaaaaaaa&quot;)" computerName="HIMAL" duration="00:00:00.5707552" startTime="2024-05-29T23:12:30.0710489+02:00" endTime="2024-05-29T23:12:30.0710490+02:00" testType="13cdc9d9-ddb5-4fa4-a97d-d965ccfc6d4b" outcome="Passed" testListId="8c84fa94-04c1-424b-9868-57a2d4851a1d" relativeResultsDirectory="37dfe997-65f4-4796-89db-39281e469a29" />
    <UnitTestResult executionId="345da6a7-749c-4150-8f51-754477f7d988" testId="41124fcc-5753-078a-503e-3d7981ba8ca0" testName="IntegrationTests.Purchase.RegisterPurchaseTests.AddPurchase_NoTokenFails" computerName="HIMAL" duration="00:00:00.2691799" startTime="2024-05-29T23:12:23.8566987+02:00" endTime="2024-05-29T23:12:23.8566989+02:00" testType="13cdc9d9-ddb5-4fa4-a97d-d965ccfc6d4b" outcome="Passed" testListId="8c84fa94-04c1-424b-9868-57a2d4851a1d" relativeResultsDirectory="345da6a7-749c-4150-8f51-754477f7d988" />
    <UnitTestResult executionId="ec59c79c-1de4-48ee-860e-592061114baf" testId="26dda7c0-3b54-29de-c49a-f5230aa64b07" testName="IntegrationTests.Invoice.Sale.RegisterSaleTests.AddSale_WhenItemAndBillingPartyExists_AddSale" computerName="HIMAL" duration="00:00:03.5131367" startTime="2024-05-29T23:12:20.2454948+02:00" endTime="2024-05-29T23:12:20.2454951+02:00" testType="13cdc9d9-ddb5-4fa4-a97d-d965ccfc6d4b" outcome="Passed" testListId="8c84fa94-04c1-424b-9868-57a2d4851a1d" relativeResultsDirectory="ec59c79c-1de4-48ee-860e-592061114baf" />
    <UnitTestResult executionId="fd6502d8-40e6-438a-9c45-8c0cdc672739" testId="b767f730-74c6-4041-7165-3a2876ad49b9" testName="IntegrationTests.Item.stock.AddStockTests.AddStock_NoTokenFails" computerName="HIMAL" duration="00:00:00.4262573" startTime="2024-05-29T23:12:22.6560116+02:00" endTime="2024-05-29T23:12:22.6560118+02:00" testType="13cdc9d9-ddb5-4fa4-a97d-d965ccfc6d4b" outcome="Passed" testListId="8c84fa94-04c1-424b-9868-57a2d4851a1d" relativeResultsDirectory="fd6502d8-40e6-438a-9c45-8c0cdc672739" />
    <UnitTestResult executionId="127dc719-73a2-4062-a247-7c4ed7986f07" testId="5e717479-d864-c96c-d0c1-3bd29ff06ea0" testName="IntegrationTests.Expense.ExpenseTests.RegisterExpense_WhenBillingPartyDoesNotExists_Fails" computerName="HIMAL" duration="00:00:00.6768408" startTime="2024-05-29T23:12:28.5436622+02:00" endTime="2024-05-29T23:12:28.5436623+02:00" testType="13cdc9d9-ddb5-4fa4-a97d-d965ccfc6d4b" outcome="Passed" testListId="8c84fa94-04c1-424b-9868-57a2d4851a1d" relativeResultsDirectory="127dc719-73a2-4062-a247-7c4ed7986f07" />
    <UnitTestResult executionId="2127d9c5-d651-472b-8b3b-26630e60169b" testId="10e4e52a-5516-e8d4-01c9-aba487855d58" testName="IntegrationTests.Item.CreateItemTests.CreateItem_ValidItemName_WithAdminToken_Succeeds(itemName: &quot;GATTA&quot;)" computerName="HIMAL" duration="00:00:00.7367189" startTime="2024-05-29T23:12:27.6139627+02:00" endTime="2024-05-29T23:12:27.6139628+02:00" testType="13cdc9d9-ddb5-4fa4-a97d-d965ccfc6d4b" outcome="Passed" testListId="8c84fa94-04c1-424b-9868-57a2d4851a1d" relativeResultsDirectory="2127d9c5-d651-472b-8b3b-26630e60169b" />
    <UnitTestResult executionId="4bbcca2c-a468-4e50-9b80-339a5581e4f1" testId="b52e085c-ab68-3162-4456-9d5d378a0cd2" testName="IntegrationTests.Item.CreateItemTests.CreateItem_ValidItemName_WithAdminToken_Succeeds(itemName: &quot;aaaaaaaaaaaaaaaaaaaa&quot;)" computerName="HIMAL" duration="00:00:02.4008137" startTime="2024-05-29T23:12:21.0335201+02:00" endTime="2024-05-29T23:12:21.0335204+02:00" testType="13cdc9d9-ddb5-4fa4-a97d-d965ccfc6d4b" outcome="Passed" testListId="8c84fa94-04c1-424b-9868-57a2d4851a1d" relativeResultsDirectory="4bbcca2c-a468-4e50-9b80-339a5581e4f1" />
    <UnitTestResult executionId="e975bd32-3bf6-40c6-996a-185722d830c4" testId="bccd5e39-0155-dbe3-624c-d9d79790ac17" testName="IntegrationTests.Authentication.RegisterAdminTests.RegisterAdmin_WithEmployeeToken_Fails" computerName="HIMAL" duration="00:00:00.2028681" startTime="2024-05-29T23:12:28.6634393+02:00" endTime="2024-05-29T23:12:28.6634394+02:00" testType="13cdc9d9-ddb5-4fa4-a97d-d965ccfc6d4b" outcome="Passed" testListId="8c84fa94-04c1-424b-9868-57a2d4851a1d" relativeResultsDirectory="e975bd32-3bf6-40c6-996a-185722d830c4" />
    <UnitTestResult executionId="c106ee24-3c0f-47f8-b300-00d5c4af75e9" testId="0a882ee1-39cd-f5ce-c2a9-ee8eda2bef58" testName="IntegrationTests.Authentication.LoginAdminTests.LoginAdmin_WithInValidEmailAnd_InValidPassword_ReturnsBadRequestResponse_WithCorrectErrorMessage" computerName="HIMAL" duration="00:00:01.1310653" startTime="2024-05-29T23:12:22.8322606+02:00" endTime="2024-05-29T23:12:22.8322608+02:00" testType="13cdc9d9-ddb5-4fa4-a97d-d965ccfc6d4b" outcome="Passed" testListId="8c84fa94-04c1-424b-9868-57a2d4851a1d" relativeResultsDirectory="c106ee24-3c0f-47f8-b300-00d5c4af75e9" />
    <UnitTestResult executionId="436ee76f-b277-4e2c-ac41-e9967403d340" testId="d7f945da-d835-e8ee-9a91-6cd97b8bf2f9" testName="IntegrationTests.Item.GetItemTests.GetItem_ItemExistsInDatabase_ReturnsListOfItems" computerName="HIMAL" duration="00:00:02.3860982" startTime="2024-05-29T23:12:20.4848624+02:00" endTime="2024-05-29T23:12:20.4848625+02:00" testType="13cdc9d9-ddb5-4fa4-a97d-d965ccfc6d4b" outcome="Passed" testListId="8c84fa94-04c1-424b-9868-57a2d4851a1d" relativeResultsDirectory="436ee76f-b277-4e2c-ac41-e9967403d340" />
    <UnitTestResult executionId="05ded029-35e5-4ec6-a2cc-12c7dc1c351a" testId="59d066f5-9c9e-f78d-ce3a-deb487e6b818" testName="IntegrationTests.BillingParty.CreateTests.CreateBillingParty_InvalidBillingParty_Fails" computerName="HIMAL" duration="00:00:01.5336330" startTime="2024-05-29T23:12:22.4948059+02:00" endTime="2024-05-29T23:12:22.4948067+02:00" testType="13cdc9d9-ddb5-4fa4-a97d-d965ccfc6d4b" outcome="Passed" testListId="8c84fa94-04c1-424b-9868-57a2d4851a1d" relativeResultsDirectory="05ded029-35e5-4ec6-a2cc-12c7dc1c351a" />
    <UnitTestResult executionId="b291a22a-ba6a-4b28-97b6-bb204c0169fc" testId="a425d7a3-0436-8ec7-4b2c-bb79d32cb3ff" testName="IntegrationTests.Item.stock.GetStocksTests.GetStocks_WhenItemDoesNotExist_ReturnsEmptyList" computerName="HIMAL" duration="00:00:04.4999877" startTime="2024-05-29T23:12:26.8800422+02:00" endTime="2024-05-29T23:12:26.8800423+02:00" testType="13cdc9d9-ddb5-4fa4-a97d-d965ccfc6d4b" outcome="Passed" testListId="8c84fa94-04c1-424b-9868-57a2d4851a1d" relativeResultsDirectory="b291a22a-ba6a-4b28-97b6-bb204c0169fc" />
    <UnitTestResult executionId="b6f1e1a1-0b04-4883-9258-59455e6872bf" testId="27e03e92-b732-d0dc-41d3-059f36767834" testName="IntegrationTests.Item.stock.ReduceStockTests.Reduce_WhenItemExists_ReducesStock" computerName="HIMAL" duration="00:00:02.3928964" startTime="2024-05-29T23:12:21.2420056+02:00" endTime="2024-05-29T23:12:21.2420059+02:00" testType="13cdc9d9-ddb5-4fa4-a97d-d965ccfc6d4b" outcome="Passed" testListId="8c84fa94-04c1-424b-9868-57a2d4851a1d" relativeResultsDirectory="b6f1e1a1-0b04-4883-9258-59455e6872bf" />
    <UnitTestResult executionId="bf2bab49-6e48-4a01-a509-38b69234162d" testId="fa4af7f3-14cc-1b8b-af66-bbb011801a38" testName="IntegrationTests.Income.GetIncomeByBillingPartyTests.GetIncomeByBillingParty_BillingPartyExistsInDatabase_HasNoIncome_ReturnsAnEmptyList" computerName="HIMAL" duration="00:00:02.2767061" startTime="2024-05-29T23:12:21.5148933+02:00" endTime="2024-05-29T23:12:21.5148935+02:00" testType="13cdc9d9-ddb5-4fa4-a97d-d965ccfc6d4b" outcome="Passed" testListId="8c84fa94-04c1-424b-9868-57a2d4851a1d" relativeResultsDirectory="bf2bab49-6e48-4a01-a509-38b69234162d" />
    <UnitTestResult executionId="f960e09d-cd87-4b96-bd8e-c2a1a69ff89f" testId="c2476bf0-6d71-dea2-cadd-9672df1c5f91" testName="IntegrationTests.Item.CreateItemTests.CreateItem_NoToken_Fails" computerName="HIMAL" duration="00:00:00.2273728" startTime="2024-05-29T23:12:31.9216837+02:00" endTime="2024-05-29T23:12:31.9216837+02:00" testType="13cdc9d9-ddb5-4fa4-a97d-d965ccfc6d4b" outcome="Passed" testListId="8c84fa94-04c1-424b-9868-57a2d4851a1d" relativeResultsDirectory="f960e09d-cd87-4b96-bd8e-c2a1a69ff89f" />
    <UnitTestResult executionId="b606c574-033f-4091-a8dd-b75f1a29251c" testId="d6cb4b18-eca3-72ef-9970-7a630dd5beed" testName="IntegrationTests.Expense.ExpenseTests.RegisterExpense_WhenEmployeeDoesNotExists_Fails" computerName="HIMAL" duration="00:00:01.4927229" startTime="2024-05-29T23:12:21.6156759+02:00" endTime="2024-05-29T23:12:21.6156762+02:00" testType="13cdc9d9-ddb5-4fa4-a97d-d965ccfc6d4b" outcome="Passed" testListId="8c84fa94-04c1-424b-9868-57a2d4851a1d" relativeResultsDirectory="b606c574-033f-4091-a8dd-b75f1a29251c" />
    <UnitTestResult executionId="743e4774-1e2f-41b1-8fd2-c38b859fc11a" testId="ea051fff-ce63-ac10-9c63-ed0af8bf54a2" testName="IntegrationTests.Item.CreateItemTests.CreateItem_ValidItemNameThatAlreadyExists_WithAdminToken_Fails(itemName: &quot;aaaaaaaaaaaaaaaaaaaa&quot;)" computerName="HIMAL" duration="00:00:00.5413248" startTime="2024-05-29T23:12:33.9061138+02:00" endTime="2024-05-29T23:12:33.9061139+02:00" testType="13cdc9d9-ddb5-4fa4-a97d-d965ccfc6d4b" outcome="Passed" testListId="8c84fa94-04c1-424b-9868-57a2d4851a1d" relativeResultsDirectory="743e4774-1e2f-41b1-8fd2-c38b859fc11a" />
    <UnitTestResult executionId="710c82f6-7159-4041-ba50-ab27f3ba01e3" testId="3022d180-02f8-fff9-de7d-dc8a4ed40959" testName="IntegrationTests.Invoice.Sale.RegisterSaleTests.AddSale_WhenBillingPartyDoesNotExists_Fails" computerName="HIMAL" duration="00:00:01.4840848" startTime="2024-05-29T23:12:22.0786782+02:00" endTime="2024-05-29T23:12:22.0786784+02:00" testType="13cdc9d9-ddb5-4fa4-a97d-d965ccfc6d4b" outcome="Passed" testListId="8c84fa94-04c1-424b-9868-57a2d4851a1d" relativeResultsDirectory="710c82f6-7159-4041-ba50-ab27f3ba01e3" />
    <UnitTestResult executionId="cb74f875-f2dd-4862-b730-f61c0b9b85c3" testId="555b7d2d-b6e2-f179-a6b4-4d9ae10723bc" testName="IntegrationTests.Authentication.RegisterAdminTests.RegisterAdmin_WithAdminToken_InvalidPassword_LessThan5Chars_Fails" computerName="HIMAL" duration="00:00:00.7411585" startTime="2024-05-29T23:12:27.6981220+02:00" endTime="2024-05-29T23:12:27.6981221+02:00" testType="13cdc9d9-ddb5-4fa4-a97d-d965ccfc6d4b" outcome="Passed" testListId="8c84fa94-04c1-424b-9868-57a2d4851a1d" relativeResultsDirectory="cb74f875-f2dd-4862-b730-f61c0b9b85c3" />
    <UnitTestResult executionId="b0c5b569-8afd-4211-9dd7-657100841af1" testId="2e823e6e-f8c4-2cde-3879-dda121780d68" testName="IntegrationTests.Authentication.LoginAdminTests.LoginAdmin_WithValidEmailAndValidPassword_ReturnsJwtTokenAndOkResponse" computerName="HIMAL" duration="00:00:04.0534617" startTime="2024-05-29T23:12:26.8860424+02:00" endTime="2024-05-29T23:12:26.8860426+02:00" testType="13cdc9d9-ddb5-4fa4-a97d-d965ccfc6d4b" outcome="Passed" testListId="8c84fa94-04c1-424b-9868-57a2d4851a1d" relativeResultsDirectory="b0c5b569-8afd-4211-9dd7-657100841af1" />
    <UnitTestResult executionId="63089cc8-80da-4921-a48a-c48196941bed" testId="45da140b-a3af-f0bd-b115-b16c78582d76" testName="IntegrationTests.Authentication.RegisterAdminTests.RegisterAdmin_WithAdminToken_Succeeds" computerName="HIMAL" duration="00:00:00.7620285" startTime="2024-05-29T23:12:28.4603811+02:00" endTime="2024-05-29T23:12:28.4603812+02:00" testType="13cdc9d9-ddb5-4fa4-a97d-d965ccfc6d4b" outcome="Passed" testListId="8c84fa94-04c1-424b-9868-57a2d4851a1d" relativeResultsDirectory="63089cc8-80da-4921-a48a-c48196941bed">
      <Output>
        <StdOut>1</StdOut>
      </Output>
    </UnitTestResult>
    <UnitTestResult executionId="2b35d6cd-7805-421b-a8a7-4242968a0de3" testId="922a37f2-4056-3cc7-9752-9edea8672d2f" testName="IntegrationTests.Item.stock.ReduceStockTests.ReduceStock_WhenStockIsLessThanWeight_Fails" computerName="HIMAL" duration="00:00:01.5238921" startTime="2024-05-29T23:12:22.7660354+02:00" endTime="2024-05-29T23:12:22.7660356+02:00" testType="13cdc9d9-ddb5-4fa4-a97d-d965ccfc6d4b" outcome="Passed" testListId="8c84fa94-04c1-424b-9868-57a2d4851a1d" relativeResultsDirectory="2b35d6cd-7805-421b-a8a7-4242968a0de3" />
    <UnitTestResult executionId="aa26a24d-d3c4-42a5-a34b-9a18c3088a2d" testId="d2acf3aa-4832-d5df-8fbd-553dbd4db4db" testName="IntegrationTests.Income.GetIncomeByBillingPartyTests.GetIncomeByBillingParty_BillingPartyExistsInTheDatabase_AndHasIncome_ReturnsTheIncomeLists" computerName="HIMAL" duration="00:00:01.5114071" startTime="2024-05-29T23:12:23.0264546+02:00" endTime="2024-05-29T23:12:23.0264550+02:00" testType="13cdc9d9-ddb5-4fa4-a97d-d965ccfc6d4b" outcome="Passed" testListId="8c84fa94-04c1-424b-9868-57a2d4851a1d" relativeResultsDirectory="aa26a24d-d3c4-42a5-a34b-9a18c3088a2d" />
    <UnitTestResult executionId="6f308437-3efe-4c09-8456-2aac4d670460" testId="445da819-00b1-73a8-1f7d-81b5cb486378" testName="IntegrationTests.Expense.ExpenseTests.RegisterExpense_WithInvalidCategoryRequest_Fails" computerName="HIMAL" duration="00:00:01.5900406" startTime="2024-05-29T23:12:23.2059282+02:00" endTime="2024-05-29T23:12:23.2059283+02:00" testType="13cdc9d9-ddb5-4fa4-a97d-d965ccfc6d4b" outcome="Passed" testListId="8c84fa94-04c1-424b-9868-57a2d4851a1d" relativeResultsDirectory="6f308437-3efe-4c09-8456-2aac4d670460" />
    <UnitTestResult executionId="91bea66b-0fad-4324-a2c3-d7baa5ba1ffe" testId="2fc30cb5-3e54-fd45-87e3-184b738cbf25" testName="IntegrationTests.Authentication.RegisterAdminTests.RegisterAdmin_WithNoToken_Fails" computerName="HIMAL" duration="00:00:00.3094379" startTime="2024-05-29T23:12:28.9730050+02:00" endTime="2024-05-29T23:12:28.9730052+02:00" testType="13cdc9d9-ddb5-4fa4-a97d-d965ccfc6d4b" outcome="Passed" testListId="8c84fa94-04c1-424b-9868-57a2d4851a1d" relativeResultsDirectory="91bea66b-0fad-4324-a2c3-d7baa5ba1ffe" />
    <UnitTestResult executionId="adf5dc04-356b-40ea-b3da-f698380cc1f1" testId="f84b1752-27c5-96aa-054b-c68215b70b9e" testName="IntegrationTests.Expense.ExpenseTests.RegisterExpense_WithValidBillingPartyRequest_Succeeds" computerName="HIMAL" duration="00:00:03.9442408" startTime="2024-05-29T23:12:27.1503473+02:00" endTime="2024-05-29T23:12:27.1503475+02:00" testType="13cdc9d9-ddb5-4fa4-a97d-d965ccfc6d4b" outcome="Passed" testListId="8c84fa94-04c1-424b-9868-57a2d4851a1d" relativeResultsDirectory="adf5dc04-356b-40ea-b3da-f698380cc1f1" />
    <UnitTestResult executionId="578ceb96-fa35-4e1f-9451-f96eddbabd6c" testId="6bb2eceb-1294-23a9-ca2f-c6e284f41842" testName="IntegrationTests.Authentication.RegisterAdminTests.RegisterAdmin_WithAdminToken_InvalidPassword_NotLetterAndNumber_Fails" computerName="HIMAL" duration="00:00:02.4303556" startTime="2024-05-29T23:12:21.1605069+02:00" endTime="2024-05-29T23:12:21.1605071+02:00" testType="13cdc9d9-ddb5-4fa4-a97d-d965ccfc6d4b" outcome="Passed" testListId="8c84fa94-04c1-424b-9868-57a2d4851a1d" relativeResultsDirectory="578ceb96-fa35-4e1f-9451-f96eddbabd6c" />
    <UnitTestResult executionId="65a87931-0b79-4a76-97d5-5a80f9be3577" testId="de5f5a2f-25be-5c96-eb2e-8dc9fd9654d8" testName="IntegrationTests.Item.CreateItemTests.CreateItem_ValidItemName_WithAdminToken_Succeeds(itemName: &quot;thr&quot;)" computerName="HIMAL" duration="00:00:01.5544195" startTime="2024-05-29T23:12:22.5881155+02:00" endTime="2024-05-29T23:12:22.5881158+02:00" testType="13cdc9d9-ddb5-4fa4-a97d-d965ccfc6d4b" outcome="Passed" testListId="8c84fa94-04c1-424b-9868-57a2d4851a1d" relativeResultsDirectory="65a87931-0b79-4a76-97d5-5a80f9be3577" />
    <UnitTestResult executionId="16acbe36-2f0c-4e07-ae35-64eb88d8f9e4" testId="3ad72667-13b3-d338-ddbb-e5e2b8d5da82" testName="IntegrationTests.BillingParty.GetBillingPartyTests.GetBillingParties_NoToken_Fails" computerName="HIMAL" duration="00:00:00.4115638" startTime="2024-05-29T23:12:22.3372966+02:00" endTime="2024-05-29T23:12:22.3372969+02:00" testType="13cdc9d9-ddb5-4fa4-a97d-d965ccfc6d4b" outcome="Passed" testListId="8c84fa94-04c1-424b-9868-57a2d4851a1d" relativeResultsDirectory="16acbe36-2f0c-4e07-ae35-64eb88d8f9e4" />
    <UnitTestResult executionId="93eb0142-a775-493f-8d7a-be0d36a0d6e6" testId="41f55043-2ebd-fc3d-1d44-94739afc60f3" testName="IntegrationTests.Item.CreateItemTests.CreateItem_ValidItemNameThatAlreadyExists_WithAdminToken_Fails(itemName: &quot;someitem name&quot;)" computerName="HIMAL" duration="00:00:00.6786234" startTime="2024-05-29T23:12:35.9265324+02:00" endTime="2024-05-29T23:12:35.9265328+02:00" testType="13cdc9d9-ddb5-4fa4-a97d-d965ccfc6d4b" outcome="Passed" testListId="8c84fa94-04c1-424b-9868-57a2d4851a1d" relativeResultsDirectory="93eb0142-a775-493f-8d7a-be0d36a0d6e6" />
    <UnitTestResult executionId="cda5edf6-dc31-426b-a60a-3ec4726504d8" testId="4fb0d161-90bf-5973-12ee-c0b8112a2bec" testName="IntegrationTests.BillingParty.CreateTests.CreateBillingParty_ValidBillingParty_Succeeds" computerName="HIMAL" duration="00:00:03.9350996" startTime="2024-05-29T23:12:27.0660457+02:00" endTime="2024-05-29T23:12:27.0660459+02:00" testType="13cdc9d9-ddb5-4fa4-a97d-d965ccfc6d4b" outcome="Passed" testListId="8c84fa94-04c1-424b-9868-57a2d4851a1d" relativeResultsDirectory="cda5edf6-dc31-426b-a60a-3ec4726504d8">
      <Output>
        <StdOut>{&#xD;
  "Name": "Test Name",&#xD;
  "Address": "Test Address",&#xD;
  "PhoneNumber": "1234567890",&#xD;
  "OpeningBalance": 100.0,&#xD;
  "Email": "test@test.com",&#xD;
  "VatNumber": "15A26C23"&#xD;
}&#xD;
{&#xD;
  "Version": "1.1",&#xD;
  "Content": {&#xD;
    "Headers": [&#xD;
      {&#xD;
        "Key": "Content-Type",&#xD;
        "Value": [&#xD;
          "application/json; charset=utf-8"&#xD;
        ]&#xD;
      }&#xD;
    ]&#xD;
  },&#xD;
  "StatusCode": 200,&#xD;
  "ReasonPhrase": "OK",&#xD;
  "Headers": [],&#xD;
  "TrailingHeaders": [],&#xD;
  "RequestMessage": {&#xD;
    "Version": "1.1",&#xD;
    "VersionPolicy": 0,&#xD;
    "Content": {&#xD;
      "Headers": [&#xD;
        {&#xD;
          "Key": "Content-Type",&#xD;
          "Value": [&#xD;
            "application/json; charset=utf-8"&#xD;
          ]&#xD;
        },&#xD;
        {&#xD;
          "Key": "Content-Length",&#xD;
          "Value": [&#xD;
            "142"&#xD;
          ]&#xD;
        }&#xD;
      ]&#xD;
    },&#xD;
    "Method": {&#xD;
      "Method": "POST"&#xD;
    },&#xD;
    "RequestUri": "http://localhost/api/billingParty",&#xD;
    "Headers": [&#xD;
      {&#xD;
        "Key": "Authorization",&#xD;
        "Value": [&#xD;
          "Bearer eyJhbGciOiJIUzUxMiIsInR5cCI6IkpXVCJ9.eyJzdWIiOiJKV1RTZXJ2aWNlQWNjZXNzVG9rZW4iLCJqdGkiOiJlMjVhOGY0MC0xNWYxLTQ0M2EtYmYyNi1lZTdhYjJmNzE5MjciLCJpYXQiOiIyOS8wNS8yMDI0IDIxLjEyLjI3IiwiaHR0cDovL3NjaGVtYXMueG1sc29hcC5vcmcvd3MvMjAwNS8wNS9pZGVudGl0eS9jbGFpbXMvbmFtZSI6ImFkbWluQGFkbWluLmNvbSIsImh0dHA6Ly9zY2hlbWFzLm1pY3Jvc29mdC5jb20vd3MvMjAwOC8wNi9pZGVudGl0eS9jbGFpbXMvcm9sZSI6IkFkbWluIiwiZXhwIjoxNzE3MTAzNTQ3LCJpc3MiOiJKV1RBdXRoZW50aWNhdGlvblNlcnZlciIsImF1ZCI6IndlYi1jbGllbnQifQ.uvxffKnvMQpqRYCj9JfAg-51-XBcUeMG27R_PXmJ4XrCvaCL1MYJBr6qxA3Ik4YEO7OU1xg7JxKnljrksTgecg"&#xD;
        ]&#xD;
      }&#xD;
    ],&#xD;
    "Properties": {},&#xD;
    "Options": {}&#xD;
  },&#xD;
  "IsSuccessStatusCode": true&#xD;
}&#xD;
{&#xD;
  "Version": "1.1",&#xD;
  "VersionPolicy": 0,&#xD;
  "Content": {&#xD;
    "Headers": [&#xD;
      {&#xD;
        "Key": "Content-Type",&#xD;
        "Value": [&#xD;
          "application/json; charset=utf-8"&#xD;
        ]&#xD;
      },&#xD;
      {&#xD;
        "Key": "Content-Length",&#xD;
        "Value": [&#xD;
          "142"&#xD;
        ]&#xD;
      }&#xD;
    ]&#xD;
  },&#xD;
  "Method": {&#xD;
    "Method": "POST"&#xD;
  },&#xD;
  "RequestUri": "http://localhost/api/billingParty",&#xD;
  "Headers": [&#xD;
    {&#xD;
      "Key": "Authorization",&#xD;
      "Value": [&#xD;
        "Bearer eyJhbGciOiJIUzUxMiIsInR5cCI6IkpXVCJ9.eyJzdWIiOiJKV1RTZXJ2aWNlQWNjZXNzVG9rZW4iLCJqdGkiOiJlMjVhOGY0MC0xNWYxLTQ0M2EtYmYyNi1lZTdhYjJmNzE5MjciLCJpYXQiOiIyOS8wNS8yMDI0IDIxLjEyLjI3IiwiaHR0cDovL3NjaGVtYXMueG1sc29hcC5vcmcvd3MvMjAwNS8wNS9pZGVudGl0eS9jbGFpbXMvbmFtZSI6ImFkbWluQGFkbWluLmNvbSIsImh0dHA6Ly9zY2hlbWFzLm1pY3Jvc29mdC5jb20vd3MvMjAwOC8wNi9pZGVudGl0eS9jbGFpbXMvcm9sZSI6IkFkbWluIiwiZXhwIjoxNzE3MTAzNTQ3LCJpc3MiOiJKV1RBdXRoZW50aWNhdGlvblNlcnZlciIsImF1ZCI6IndlYi1jbGllbnQifQ.uvxffKnvMQpqRYCj9JfAg-51-XBcUeMG27R_PXmJ4XrCvaCL1MYJBr6qxA3Ik4YEO7OU1xg7JxKnljrksTgecg"&#xD;
      ]&#xD;
    }&#xD;
  ],&#xD;
  "Properties": {},&#xD;
  "Options": {}&#xD;
}</StdOut>
      </Output>
    </UnitTestResult>
    <UnitTestResult executionId="47bad5ef-e386-457e-82e3-934ab5102cf8" testId="7aae8859-ff94-db95-82a3-084aa4e0459a" testName="IntegrationTests.Expense.ExpenseTests.RegisterExpense_WithValidCategoryRequest_Succeeds" computerName="HIMAL" duration="00:00:00.6303462" startTime="2024-05-29T23:12:29.1741235+02:00" endTime="2024-05-29T23:12:29.1741237+02:00" testType="13cdc9d9-ddb5-4fa4-a97d-d965ccfc6d4b" outcome="Passed" testListId="8c84fa94-04c1-424b-9868-57a2d4851a1d" relativeResultsDirectory="47bad5ef-e386-457e-82e3-934ab5102cf8" />
  </Results>
  <TestDefinitions>
    <UnitTest name="IntegrationTests.Item.stock.AddStockTests.AddStock_NoTokenFails" storage="e:\bachelorproject\backend\tests\integrationtests\bin\debug\net8.0\integrationtests.dll" id="b767f730-74c6-4041-7165-3a2876ad49b9">
      <Execution id="fd6502d8-40e6-438a-9c45-8c0cdc672739" />
      <TestMethod codeBase="E:\BachelorProject\backend\Tests\IntegrationTests\bin\Debug\net8.0\IntegrationTests.dll" adapterTypeName="executor://xunit/VsTestRunner2/netcoreapp" className="IntegrationTests.Item.stock.AddStockTests" name="AddStock_NoTokenFails" />
    </UnitTest>
    <UnitTest name="IntegrationTests.Item.stock.AddStockTests.AddStock_WhenItemExists_AddsStock" storage="e:\bachelorproject\backend\tests\integrationtests\bin\debug\net8.0\integrationtests.dll" id="cab6102b-c62a-741a-40c5-87a77acf55c8">
      <Execution id="68d9603d-6d21-4c07-acc3-c78b912105d7" />
      <TestMethod codeBase="E:\BachelorProject\backend\Tests\IntegrationTests\bin\Debug\net8.0\IntegrationTests.dll" adapterTypeName="executor://xunit/VsTestRunner2/netcoreapp" className="IntegrationTests.Item.stock.AddStockTests" name="AddStock_WhenItemExists_AddsStock" />
    </UnitTest>
    <UnitTest name="IntegrationTests.Income.IncomeTests.RegisterIncome_WithValidRequest_Succeeds" storage="e:\bachelorproject\backend\tests\integrationtests\bin\debug\net8.0\integrationtests.dll" id="0e15bc42-512c-cc48-2fe8-91515286ce31">
      <Execution id="f152cd96-9f1b-43e8-9303-351f3d5c840e" />
      <TestMethod codeBase="E:\BachelorProject\backend\Tests\IntegrationTests\bin\Debug\net8.0\IntegrationTests.dll" adapterTypeName="executor://xunit/VsTestRunner2/netcoreapp" className="IntegrationTests.Income.IncomeTests" name="RegisterIncome_WithValidRequest_Succeeds" />
    </UnitTest>
    <UnitTest name="IntegrationTests.Invoice.Sale.RegisterSaleTests.AddSale_WhenBillingPartyDoesNotExists_Fails" storage="e:\bachelorproject\backend\tests\integrationtests\bin\debug\net8.0\integrationtests.dll" id="3022d180-02f8-fff9-de7d-dc8a4ed40959">
      <Execution id="710c82f6-7159-4041-ba50-ab27f3ba01e3" />
      <TestMethod codeBase="E:\BachelorProject\backend\Tests\IntegrationTests\bin\Debug\net8.0\IntegrationTests.dll" adapterTypeName="executor://xunit/VsTestRunner2/netcoreapp" className="IntegrationTests.Invoice.Sale.RegisterSaleTests" name="AddSale_WhenBillingPartyDoesNotExists_Fails" />
    </UnitTest>
    <UnitTest name="IntegrationTests.Expense.ExpenseTests.RegisterExpense_WithValidBillingPartyRequest_Succeeds" storage="e:\bachelorproject\backend\tests\integrationtests\bin\debug\net8.0\integrationtests.dll" id="f84b1752-27c5-96aa-054b-c68215b70b9e">
      <Execution id="adf5dc04-356b-40ea-b3da-f698380cc1f1" />
      <TestMethod codeBase="E:\BachelorProject\backend\Tests\IntegrationTests\bin\Debug\net8.0\IntegrationTests.dll" adapterTypeName="executor://xunit/VsTestRunner2/netcoreapp" className="IntegrationTests.Expense.ExpenseTests" name="RegisterExpense_WithValidBillingPartyRequest_Succeeds" />
    </UnitTest>
    <UnitTest name="IntegrationTests.Item.GetItemTests.GetItems_NoToken_Fails" storage="e:\bachelorproject\backend\tests\integrationtests\bin\debug\net8.0\integrationtests.dll" id="1375fa22-0e84-5f8f-684d-77b1d20101a7">
      <Execution id="3e2bcb88-da63-42cd-8c6b-5d614b440131" />
      <TestMethod codeBase="E:\BachelorProject\backend\Tests\IntegrationTests\bin\Debug\net8.0\IntegrationTests.dll" adapterTypeName="executor://xunit/VsTestRunner2/netcoreapp" className="IntegrationTests.Item.GetItemTests" name="GetItems_NoToken_Fails" />
    </UnitTest>
    <UnitTest name="IntegrationTests.Income.GetIncomeByBillingPartyTests.GetIncomeByBillingParty_NoBillingParty_ReturnsAnEmptyList" storage="e:\bachelorproject\backend\tests\integrationtests\bin\debug\net8.0\integrationtests.dll" id="425c1968-be5d-bf0c-bbee-2094b9cb6701">
      <Execution id="225d5efa-9420-44ce-a664-a7b870c7ffcf" />
      <TestMethod codeBase="E:\BachelorProject\backend\Tests\IntegrationTests\bin\Debug\net8.0\IntegrationTests.dll" adapterTypeName="executor://xunit/VsTestRunner2/netcoreapp" className="IntegrationTests.Income.GetIncomeByBillingPartyTests" name="GetIncomeByBillingParty_NoBillingParty_ReturnsAnEmptyList" />
    </UnitTest>
    <UnitTest name="IntegrationTests.Expense.ExpenseTests.RegisterExpense_WithValidCategoryRequest_Succeeds" storage="e:\bachelorproject\backend\tests\integrationtests\bin\debug\net8.0\integrationtests.dll" id="7aae8859-ff94-db95-82a3-084aa4e0459a">
      <Execution id="47bad5ef-e386-457e-82e3-934ab5102cf8" />
      <TestMethod codeBase="E:\BachelorProject\backend\Tests\IntegrationTests\bin\Debug\net8.0\IntegrationTests.dll" adapterTypeName="executor://xunit/VsTestRunner2/netcoreapp" className="IntegrationTests.Expense.ExpenseTests" name="RegisterExpense_WithValidCategoryRequest_Succeeds" />
    </UnitTest>
    <UnitTest name="IntegrationTests.Item.CreateItemTests.CreateItem_InValidItemName_WithAdminToken_Fails(itemName: &quot;aaaaaaaaaaaaaaaaaaaaaaaaaaaaaaaaaaaaaaaaaaaaaaaaaa&quot;)" storage="e:\bachelorproject\backend\tests\integrationtests\bin\debug\net8.0\integrationtests.dll" id="efcf6899-7305-cff1-7d64-ae401666dbfa">
      <Execution id="37dfe997-65f4-4796-89db-39281e469a29" />
      <TestMethod codeBase="E:\BachelorProject\backend\Tests\IntegrationTests\bin\Debug\net8.0\IntegrationTests.dll" adapterTypeName="executor://xunit/VsTestRunner2/netcoreapp" className="IntegrationTests.Item.CreateItemTests" name="CreateItem_InValidItemName_WithAdminToken_Fails" />
    </UnitTest>
    <UnitTest name="IntegrationTests.Income.GetIncomeByBillingPartyTests.GetIncomeByBillingParty_BillingPartyExistsInTheDatabase_AndHasIncome_ReturnsTheIncomeLists" storage="e:\bachelorproject\backend\tests\integrationtests\bin\debug\net8.0\integrationtests.dll" id="d2acf3aa-4832-d5df-8fbd-553dbd4db4db">
      <Execution id="aa26a24d-d3c4-42a5-a34b-9a18c3088a2d" />
      <TestMethod codeBase="E:\BachelorProject\backend\Tests\IntegrationTests\bin\Debug\net8.0\IntegrationTests.dll" adapterTypeName="executor://xunit/VsTestRunner2/netcoreapp" className="IntegrationTests.Income.GetIncomeByBillingPartyTests" name="GetIncomeByBillingParty_BillingPartyExistsInTheDatabase_AndHasIncome_ReturnsTheIncomeLists" />
    </UnitTest>
    <UnitTest name="IntegrationTests.BillingParty.CreateTests.CreateBillingParty_NoToken_Fails" storage="e:\bachelorproject\backend\tests\integrationtests\bin\debug\net8.0\integrationtests.dll" id="12c0cecb-c561-22ec-7e52-c6ec5e56b729">
      <Execution id="591eefe7-6c58-4cb7-a1e5-b5ae1b9f012f" />
      <TestMethod codeBase="E:\BachelorProject\backend\Tests\IntegrationTests\bin\Debug\net8.0\IntegrationTests.dll" adapterTypeName="executor://xunit/VsTestRunner2/netcoreapp" className="IntegrationTests.BillingParty.CreateTests" name="CreateBillingParty_NoToken_Fails" />
    </UnitTest>
    <UnitTest name="IntegrationTests.Purchase.RegisterPurchaseTests.AddPurchase_WhenItemAndBillingPartyExists_AddPurchase" storage="e:\bachelorproject\backend\tests\integrationtests\bin\debug\net8.0\integrationtests.dll" id="43380cbe-34f9-677c-11c1-d324051f57ab">
      <Execution id="8f629a00-2e89-4a25-a0f5-b4916f41a75a" />
      <TestMethod codeBase="E:\BachelorProject\backend\Tests\IntegrationTests\bin\Debug\net8.0\IntegrationTests.dll" adapterTypeName="executor://xunit/VsTestRunner2/netcoreapp" className="IntegrationTests.Purchase.RegisterPurchaseTests" name="AddPurchase_WhenItemAndBillingPartyExists_AddPurchase" />
    </UnitTest>
    <UnitTest name="IntegrationTests.BillingParty.CreateTests.CreateBillingParty_InvalidBillingParty_Fails" storage="e:\bachelorproject\backend\tests\integrationtests\bin\debug\net8.0\integrationtests.dll" id="59d066f5-9c9e-f78d-ce3a-deb487e6b818">
      <Execution id="05ded029-35e5-4ec6-a2cc-12c7dc1c351a" />
      <TestMethod codeBase="E:\BachelorProject\backend\Tests\IntegrationTests\bin\Debug\net8.0\IntegrationTests.dll" adapterTypeName="executor://xunit/VsTestRunner2/netcoreapp" className="IntegrationTests.BillingParty.CreateTests" name="CreateBillingParty_InvalidBillingParty_Fails" />
    </UnitTest>
    <UnitTest name="IntegrationTests.BillingParty.GetBillingPartyTests.GetBillingParties_NoBillingParty_ReturnsAnEmptyList" storage="e:\bachelorproject\backend\tests\integrationtests\bin\debug\net8.0\integrationtests.dll" id="96f1d89a-97d0-9a74-e0a3-18013960a3b9">
      <Execution id="134e29ef-3732-40bb-8b75-d39f466567dc" />
      <TestMethod codeBase="E:\BachelorProject\backend\Tests\IntegrationTests\bin\Debug\net8.0\IntegrationTests.dll" adapterTypeName="executor://xunit/VsTestRunner2/netcoreapp" className="IntegrationTests.BillingParty.GetBillingPartyTests" name="GetBillingParties_NoBillingParty_ReturnsAnEmptyList" />
    </UnitTest>
    <UnitTest name="IntegrationTests.Item.stock.ReduceStockTests.ReduceStock_WhenStockIsLessThanWeight_Fails" storage="e:\bachelorproject\backend\tests\integrationtests\bin\debug\net8.0\integrationtests.dll" id="922a37f2-4056-3cc7-9752-9edea8672d2f">
      <Execution id="2b35d6cd-7805-421b-a8a7-4242968a0de3" />
      <TestMethod codeBase="E:\BachelorProject\backend\Tests\IntegrationTests\bin\Debug\net8.0\IntegrationTests.dll" adapterTypeName="executor://xunit/VsTestRunner2/netcoreapp" className="IntegrationTests.Item.stock.ReduceStockTests" name="ReduceStock_WhenStockIsLessThanWeight_Fails" />
    </UnitTest>
    <UnitTest name="IntegrationTests.BillingParty.CreateTests.CreateBillingParty_ValidBillingParty_AlreadyExists_Fails" storage="e:\bachelorproject\backend\tests\integrationtests\bin\debug\net8.0\integrationtests.dll" id="937ae4c0-69b3-b0c9-5a9b-20e3c728e9f2">
      <Execution id="02c94ccb-57bf-468c-80e4-e4e199a965a2" />
      <TestMethod codeBase="E:\BachelorProject\backend\Tests\IntegrationTests\bin\Debug\net8.0\IntegrationTests.dll" adapterTypeName="executor://xunit/VsTestRunner2/netcoreapp" className="IntegrationTests.BillingParty.CreateTests" name="CreateBillingParty_ValidBillingParty_AlreadyExists_Fails" />
    </UnitTest>
    <UnitTest name="IntegrationTests.Item.stock.AddStockTests.AddStock_WhenItemDoesNotExists_Fails" storage="e:\bachelorproject\backend\tests\integrationtests\bin\debug\net8.0\integrationtests.dll" id="df72c0ed-4afa-66af-4a81-adfeb072350b">
      <Execution id="452abf19-1251-4867-ae93-7d0baa5b7e3f" />
      <TestMethod codeBase="E:\BachelorProject\backend\Tests\IntegrationTests\bin\Debug\net8.0\IntegrationTests.dll" adapterTypeName="executor://xunit/VsTestRunner2/netcoreapp" className="IntegrationTests.Item.stock.AddStockTests" name="AddStock_WhenItemDoesNotExists_Fails" />
    </UnitTest>
    <UnitTest name="IntegrationTests.Income.IncomeTests.RegisterIncome_NoToken_Fails" storage="e:\bachelorproject\backend\tests\integrationtests\bin\debug\net8.0\integrationtests.dll" id="0349a805-41b5-2fd8-7c51-6ba5244a5712">
      <Execution id="003ac38e-8e8d-45fc-bc88-41cbf34e951e" />
      <TestMethod codeBase="E:\BachelorProject\backend\Tests\IntegrationTests\bin\Debug\net8.0\IntegrationTests.dll" adapterTypeName="executor://xunit/VsTestRunner2/netcoreapp" className="IntegrationTests.Income.IncomeTests" name="RegisterIncome_NoToken_Fails" />
    </UnitTest>
    <UnitTest name="IntegrationTests.BillingParty.UpdateBillingPartyCommandTests.UpdateBillingParty_NoToken_Fails" storage="e:\bachelorproject\backend\tests\integrationtests\bin\debug\net8.0\integrationtests.dll" id="68b9f43d-ec77-2970-45f7-55bd0544e0c4">
      <Execution id="2517a4da-0158-4b04-8864-10c9ff5ed0ba" />
      <TestMethod codeBase="E:\BachelorProject\backend\Tests\IntegrationTests\bin\Debug\net8.0\IntegrationTests.dll" adapterTypeName="executor://xunit/VsTestRunner2/netcoreapp" className="IntegrationTests.BillingParty.UpdateBillingPartyCommandTests" name="UpdateBillingParty_NoToken_Fails" />
    </UnitTest>
    <UnitTest name="IntegrationTests.Item.CreateItemTests.CreateItem_ValidItemName_WithAdminToken_Succeeds(itemName: &quot;GATTA&quot;)" storage="e:\bachelorproject\backend\tests\integrationtests\bin\debug\net8.0\integrationtests.dll" id="10e4e52a-5516-e8d4-01c9-aba487855d58">
      <Execution id="2127d9c5-d651-472b-8b3b-26630e60169b" />
      <TestMethod codeBase="E:\BachelorProject\backend\Tests\IntegrationTests\bin\Debug\net8.0\IntegrationTests.dll" adapterTypeName="executor://xunit/VsTestRunner2/netcoreapp" className="IntegrationTests.Item.CreateItemTests" name="CreateItem_ValidItemName_WithAdminToken_Succeeds" />
    </UnitTest>
    <UnitTest name="IntegrationTests.Item.CreateItemTests.CreateItem_ValidItemNameThatAlreadyExists_WithAdminToken_Fails(itemName: &quot;aaaaaaaaaaaaaaaaaaaa&quot;)" storage="e:\bachelorproject\backend\tests\integrationtests\bin\debug\net8.0\integrationtests.dll" id="ea051fff-ce63-ac10-9c63-ed0af8bf54a2">
      <Execution id="743e4774-1e2f-41b1-8fd2-c38b859fc11a" />
      <TestMethod codeBase="E:\BachelorProject\backend\Tests\IntegrationTests\bin\Debug\net8.0\IntegrationTests.dll" adapterTypeName="executor://xunit/VsTestRunner2/netcoreapp" className="IntegrationTests.Item.CreateItemTests" name="CreateItem_ValidItemNameThatAlreadyExists_WithAdminToken_Fails" />
    </UnitTest>
    <UnitTest name="IntegrationTests.Item.UpdateItemTests.UpdateItem_ItemDoesNotExist_WithAdminToken_Fails" storage="e:\bachelorproject\backend\tests\integrationtests\bin\debug\net8.0\integrationtests.dll" id="1a12a2ea-430e-7a26-79ef-6561861e791e">
      <Execution id="16025866-2732-4f69-b25b-1076b81d1da8" />
      <TestMethod codeBase="E:\BachelorProject\backend\Tests\IntegrationTests\bin\Debug\net8.0\IntegrationTests.dll" adapterTypeName="executor://xunit/VsTestRunner2/netcoreapp" className="IntegrationTests.Item.UpdateItemTests" name="UpdateItem_ItemDoesNotExist_WithAdminToken_Fails" />
    </UnitTest>
    <UnitTest name="IntegrationTests.Authentication.RegisterAdminTests.RegisterAdmin_WithNoToken_Fails" storage="e:\bachelorproject\backend\tests\integrationtests\bin\debug\net8.0\integrationtests.dll" id="2fc30cb5-3e54-fd45-87e3-184b738cbf25">
      <Execution id="91bea66b-0fad-4324-a2c3-d7baa5ba1ffe" />
      <TestMethod codeBase="E:\BachelorProject\backend\Tests\IntegrationTests\bin\Debug\net8.0\IntegrationTests.dll" adapterTypeName="executor://xunit/VsTestRunner2/netcoreapp" className="IntegrationTests.Authentication.RegisterAdminTests" name="RegisterAdmin_WithNoToken_Fails" />
    </UnitTest>
    <UnitTest name="IntegrationTests.BillingParty.GetBillingPartyTests.GetBillingParty_BillingPartyExistsInDatabase_ReturnsListOfBillingParties" storage="e:\bachelorproject\backend\tests\integrationtests\bin\debug\net8.0\integrationtests.dll" id="49ccefad-1c41-c438-7c1e-c43ddb94ea45">
      <Execution id="431f9f9b-788e-42cd-bd34-3d38817dbb5b" />
      <TestMethod codeBase="E:\BachelorProject\backend\Tests\IntegrationTests\bin\Debug\net8.0\IntegrationTests.dll" adapterTypeName="executor://xunit/VsTestRunner2/netcoreapp" className="IntegrationTests.BillingParty.GetBillingPartyTests" name="GetBillingParty_BillingPartyExistsInDatabase_ReturnsListOfBillingParties" />
    </UnitTest>
    <UnitTest name="IntegrationTests.Invoice.Sale.RegisterSaleTests.AddSale_WhenItemDoesNotExists_Fails" storage="e:\bachelorproject\backend\tests\integrationtests\bin\debug\net8.0\integrationtests.dll" id="4846976f-1623-62a9-d753-63cb5c3f64a6">
      <Execution id="ac1fdc7a-1423-4228-83a6-4a1c4c240b2a" />
      <TestMethod codeBase="E:\BachelorProject\backend\Tests\IntegrationTests\bin\Debug\net8.0\IntegrationTests.dll" adapterTypeName="executor://xunit/VsTestRunner2/netcoreapp" className="IntegrationTests.Invoice.Sale.RegisterSaleTests" name="AddSale_WhenItemDoesNotExists_Fails" />
    </UnitTest>
    <UnitTest name="IntegrationTests.Item.stock.ReduceStockTests.ReduceStock_WhenItemDoesNotExists_Fails" storage="e:\bachelorproject\backend\tests\integrationtests\bin\debug\net8.0\integrationtests.dll" id="f82c28a9-4114-c5b5-fa41-6e25b90fa81d">
      <Execution id="64284a6a-96d7-4221-9cbb-9c7db594cf96" />
      <TestMethod codeBase="E:\BachelorProject\backend\Tests\IntegrationTests\bin\Debug\net8.0\IntegrationTests.dll" adapterTypeName="executor://xunit/VsTestRunner2/netcoreapp" className="IntegrationTests.Item.stock.ReduceStockTests" name="ReduceStock_WhenItemDoesNotExists_Fails" />
    </UnitTest>
    <UnitTest name="IntegrationTests.Expense.ExpenseTests.RegisterExpense_WithInvalidCategoryRequest_Fails" storage="e:\bachelorproject\backend\tests\integrationtests\bin\debug\net8.0\integrationtests.dll" id="445da819-00b1-73a8-1f7d-81b5cb486378">
      <Execution id="6f308437-3efe-4c09-8456-2aac4d670460" />
      <TestMethod codeBase="E:\BachelorProject\backend\Tests\IntegrationTests\bin\Debug\net8.0\IntegrationTests.dll" adapterTypeName="executor://xunit/VsTestRunner2/netcoreapp" className="IntegrationTests.Expense.ExpenseTests" name="RegisterExpense_WithInvalidCategoryRequest_Fails" />
    </UnitTest>
    <UnitTest name="IntegrationTests.Expense.ExpenseTests.RegisterExpense_NoToken_Fails" storage="e:\bachelorproject\backend\tests\integrationtests\bin\debug\net8.0\integrationtests.dll" id="12fad3a8-fa10-9d3f-685f-a83f6d87ea84">
      <Execution id="477c11fc-383e-43cf-8720-35732fc17ab3" />
      <TestMethod codeBase="E:\BachelorProject\backend\Tests\IntegrationTests\bin\Debug\net8.0\IntegrationTests.dll" adapterTypeName="executor://xunit/VsTestRunner2/netcoreapp" className="IntegrationTests.Expense.ExpenseTests" name="RegisterExpense_NoToken_Fails" />
    </UnitTest>
    <UnitTest name="IntegrationTests.Authentication.LoginAdminTests.LoginAdmin_WithInValidEmailAnd_InValidPassword_ReturnsBadRequestResponse_WithCorrectErrorMessage" storage="e:\bachelorproject\backend\tests\integrationtests\bin\debug\net8.0\integrationtests.dll" id="0a882ee1-39cd-f5ce-c2a9-ee8eda2bef58">
      <Execution id="c106ee24-3c0f-47f8-b300-00d5c4af75e9" />
      <TestMethod codeBase="E:\BachelorProject\backend\Tests\IntegrationTests\bin\Debug\net8.0\IntegrationTests.dll" adapterTypeName="executor://xunit/VsTestRunner2/netcoreapp" className="IntegrationTests.Authentication.LoginAdminTests" name="LoginAdmin_WithInValidEmailAnd_InValidPassword_ReturnsBadRequestResponse_WithCorrectErrorMessage" />
    </UnitTest>
    <UnitTest name="IntegrationTests.Expense.ExpenseTests.RegisterExpense_WhenEmployeeDoesNotExists_Fails" storage="e:\bachelorproject\backend\tests\integrationtests\bin\debug\net8.0\integrationtests.dll" id="d6cb4b18-eca3-72ef-9970-7a630dd5beed">
      <Execution id="b606c574-033f-4091-a8dd-b75f1a29251c" />
      <TestMethod codeBase="E:\BachelorProject\backend\Tests\IntegrationTests\bin\Debug\net8.0\IntegrationTests.dll" adapterTypeName="executor://xunit/VsTestRunner2/netcoreapp" className="IntegrationTests.Expense.ExpenseTests" name="RegisterExpense_WhenEmployeeDoesNotExists_Fails" />
    </UnitTest>
    <UnitTest name="IntegrationTests.Item.CreateItemTests.CreateItem_ValidItemNameThatAlreadyExists_WithAdminToken_Fails(itemName: &quot;thr&quot;)" storage="e:\bachelorproject\backend\tests\integrationtests\bin\debug\net8.0\integrationtests.dll" id="565c3fe1-ecca-d1e0-9167-d92cf1773d5e">
      <Execution id="47e3f868-5f80-4b8b-83e8-0a70ee7bdd94" />
      <TestMethod codeBase="E:\BachelorProject\backend\Tests\IntegrationTests\bin\Debug\net8.0\IntegrationTests.dll" adapterTypeName="executor://xunit/VsTestRunner2/netcoreapp" className="IntegrationTests.Item.CreateItemTests" name="CreateItem_ValidItemNameThatAlreadyExists_WithAdminToken_Fails" />
    </UnitTest>
    <UnitTest name="IntegrationTests.Item.CreateItemTests.CreateItem_ValidItemName_WithAdminToken_Succeeds(itemName: &quot;hamiNepaliHamroNepal&quot;)" storage="e:\bachelorproject\backend\tests\integrationtests\bin\debug\net8.0\integrationtests.dll" id="45fe0879-5186-d3d6-407d-2be81a71fd46">
      <Execution id="349e02d9-321e-4fe5-9629-134ced7e083f" />
      <TestMethod codeBase="E:\BachelorProject\backend\Tests\IntegrationTests\bin\Debug\net8.0\IntegrationTests.dll" adapterTypeName="executor://xunit/VsTestRunner2/netcoreapp" className="IntegrationTests.Item.CreateItemTests" name="CreateItem_ValidItemName_WithAdminToken_Succeeds" />
    </UnitTest>
    <UnitTest name="IntegrationTests.Purchase.RegisterPurchaseTests.AddPurchase_NoTokenFails" storage="e:\bachelorproject\backend\tests\integrationtests\bin\debug\net8.0\integrationtests.dll" id="41124fcc-5753-078a-503e-3d7981ba8ca0">
      <Execution id="345da6a7-749c-4150-8f51-754477f7d988" />
      <TestMethod codeBase="E:\BachelorProject\backend\Tests\IntegrationTests\bin\Debug\net8.0\IntegrationTests.dll" adapterTypeName="executor://xunit/VsTestRunner2/netcoreapp" className="IntegrationTests.Purchase.RegisterPurchaseTests" name="AddPurchase_NoTokenFails" />
    </UnitTest>
    <UnitTest name="IntegrationTests.Item.CreateItemTests.CreateItem_ValidItemName_WithAdminToken_Succeeds(itemName: &quot;aaaaaaaaaaaaaaaaaaaa&quot;)" storage="e:\bachelorproject\backend\tests\integrationtests\bin\debug\net8.0\integrationtests.dll" id="b52e085c-ab68-3162-4456-9d5d378a0cd2">
      <Execution id="4bbcca2c-a468-4e50-9b80-339a5581e4f1" />
      <TestMethod codeBase="E:\BachelorProject\backend\Tests\IntegrationTests\bin\Debug\net8.0\IntegrationTests.dll" adapterTypeName="executor://xunit/VsTestRunner2/netcoreapp" className="IntegrationTests.Item.CreateItemTests" name="CreateItem_ValidItemName_WithAdminToken_Succeeds" />
    </UnitTest>
    <UnitTest name="IntegrationTests.Item.CreateItemTests.CreateItem_ValidItemName_WithAdminToken_Succeeds(itemName: &quot;thr&quot;)" storage="e:\bachelorproject\backend\tests\integrationtests\bin\debug\net8.0\integrationtests.dll" id="de5f5a2f-25be-5c96-eb2e-8dc9fd9654d8">
      <Execution id="65a87931-0b79-4a76-97d5-5a80f9be3577" />
      <TestMethod codeBase="E:\BachelorProject\backend\Tests\IntegrationTests\bin\Debug\net8.0\IntegrationTests.dll" adapterTypeName="executor://xunit/VsTestRunner2/netcoreapp" className="IntegrationTests.Item.CreateItemTests" name="CreateItem_ValidItemName_WithAdminToken_Succeeds" />
    </UnitTest>
    <UnitTest name="IntegrationTests.BillingParty.UpdateBillingPartyCommandTests.UpdateBillingParty_ValidBillingParty_PartyExists_Succeeds" storage="e:\bachelorproject\backend\tests\integrationtests\bin\debug\net8.0\integrationtests.dll" id="908f96af-96f5-5444-d284-dd059f27e0e2">
      <Execution id="c172fb23-12a2-4ddf-9bb1-fbb128393543" />
      <TestMethod codeBase="E:\BachelorProject\backend\Tests\IntegrationTests\bin\Debug\net8.0\IntegrationTests.dll" adapterTypeName="executor://xunit/VsTestRunner2/netcoreapp" className="IntegrationTests.BillingParty.UpdateBillingPartyCommandTests" name="UpdateBillingParty_ValidBillingParty_PartyExists_Succeeds" />
    </UnitTest>
    <UnitTest name="IntegrationTests.Item.CreateItemTests.CreateItem_ValidItemNameThatAlreadyExists_WithAdminToken_Fails(itemName: &quot;gatta&quot;)" storage="e:\bachelorproject\backend\tests\integrationtests\bin\debug\net8.0\integrationtests.dll" id="dea42579-a0f4-e6ee-37b0-a02988ad9dee">
      <Execution id="19961ac7-50ca-49f9-83aa-f3cd9ca650a2" />
      <TestMethod codeBase="E:\BachelorProject\backend\Tests\IntegrationTests\bin\Debug\net8.0\IntegrationTests.dll" adapterTypeName="executor://xunit/VsTestRunner2/netcoreapp" className="IntegrationTests.Item.CreateItemTests" name="CreateItem_ValidItemNameThatAlreadyExists_WithAdminToken_Fails" />
    </UnitTest>
    <UnitTest name="IntegrationTests.Income.GetIncomeByBillingPartyTests.GetIncomeByBillingParty_BillingPartyExistsInDatabase_HasNoIncome_ReturnsAnEmptyList" storage="e:\bachelorproject\backend\tests\integrationtests\bin\debug\net8.0\integrationtests.dll" id="fa4af7f3-14cc-1b8b-af66-bbb011801a38">
      <Execution id="bf2bab49-6e48-4a01-a509-38b69234162d" />
      <TestMethod codeBase="E:\BachelorProject\backend\Tests\IntegrationTests\bin\Debug\net8.0\IntegrationTests.dll" adapterTypeName="executor://xunit/VsTestRunner2/netcoreapp" className="IntegrationTests.Income.GetIncomeByBillingPartyTests" name="GetIncomeByBillingParty_BillingPartyExistsInDatabase_HasNoIncome_ReturnsAnEmptyList" />
    </UnitTest>
    <UnitTest name="IntegrationTests.Item.UpdateItemTests.UpdateItem_ValidItemName_WithAdminToken_Succeeds" storage="e:\bachelorproject\backend\tests\integrationtests\bin\debug\net8.0\integrationtests.dll" id="d6f2c29b-879a-7066-02d6-be8c511e4b8b">
      <Execution id="bcbb53e9-7b0d-4ac7-bbb0-708fbfb8a1dd" />
      <TestMethod codeBase="E:\BachelorProject\backend\Tests\IntegrationTests\bin\Debug\net8.0\IntegrationTests.dll" adapterTypeName="executor://xunit/VsTestRunner2/netcoreapp" className="IntegrationTests.Item.UpdateItemTests" name="UpdateItem_ValidItemName_WithAdminToken_Succeeds" />
    </UnitTest>
    <UnitTest name="IntegrationTests.Invoice.Sale.RegisterSaleTests.AddSale_NoTokenFails" storage="e:\bachelorproject\backend\tests\integrationtests\bin\debug\net8.0\integrationtests.dll" id="5d4ea06e-dded-f8ec-c0da-d56d75d0df83">
      <Execution id="0a2e3934-cdb2-43bc-aef0-a08ac98d8bcb" />
      <TestMethod codeBase="E:\BachelorProject\backend\Tests\IntegrationTests\bin\Debug\net8.0\IntegrationTests.dll" adapterTypeName="executor://xunit/VsTestRunner2/netcoreapp" className="IntegrationTests.Invoice.Sale.RegisterSaleTests" name="AddSale_NoTokenFails" />
    </UnitTest>
    <UnitTest name="IntegrationTests.Item.CreateItemTests.CreateItem_ValidItemName_WithAdminToken_Succeeds(itemName: &quot;someitem name&quot;)" storage="e:\bachelorproject\backend\tests\integrationtests\bin\debug\net8.0\integrationtests.dll" id="44fec095-6fc2-8b5f-8da4-2d3f6bf7e0f7">
      <Execution id="fad0b4ba-05d7-4d44-93b1-a3a519a04071" />
      <TestMethod codeBase="E:\BachelorProject\backend\Tests\IntegrationTests\bin\Debug\net8.0\IntegrationTests.dll" adapterTypeName="executor://xunit/VsTestRunner2/netcoreapp" className="IntegrationTests.Item.CreateItemTests" name="CreateItem_ValidItemName_WithAdminToken_Succeeds" />
    </UnitTest>
    <UnitTest name="IntegrationTests.Authentication.RegisterAdminTests.RegisterAdmin_WithAdminToken_InvalidEmail_Fails" storage="e:\bachelorproject\backend\tests\integrationtests\bin\debug\net8.0\integrationtests.dll" id="260e112a-9ce0-14bf-c2bc-33e52b7d544b">
      <Execution id="cd7654a2-9486-473c-8c5a-58f4fd1afe03" />
      <TestMethod codeBase="E:\BachelorProject\backend\Tests\IntegrationTests\bin\Debug\net8.0\IntegrationTests.dll" adapterTypeName="executor://xunit/VsTestRunner2/netcoreapp" className="IntegrationTests.Authentication.RegisterAdminTests" name="RegisterAdmin_WithAdminToken_InvalidEmail_Fails" />
    </UnitTest>
    <UnitTest name="IntegrationTests.Item.CreateItemTests.CreateItem_ValidItemNameThatAlreadyExists_WithAdminToken_Fails(itemName: &quot;GATTA&quot;)" storage="e:\bachelorproject\backend\tests\integrationtests\bin\debug\net8.0\integrationtests.dll" id="f44d1c77-1e2f-f3dd-c218-526e21b40067">
      <Execution id="10fcbc8c-51ad-4f34-956e-eb57c673e78c" />
      <TestMethod codeBase="E:\BachelorProject\backend\Tests\IntegrationTests\bin\Debug\net8.0\IntegrationTests.dll" adapterTypeName="executor://xunit/VsTestRunner2/netcoreapp" className="IntegrationTests.Item.CreateItemTests" name="CreateItem_ValidItemNameThatAlreadyExists_WithAdminToken_Fails" />
    </UnitTest>
    <UnitTest name="IntegrationTests.Authentication.LoginAdminTests.LoginAdmin_WithValidEmailAndValidPassword_ReturnsJwtTokenAndOkResponse" storage="e:\bachelorproject\backend\tests\integrationtests\bin\debug\net8.0\integrationtests.dll" id="2e823e6e-f8c4-2cde-3879-dda121780d68">
      <Execution id="b0c5b569-8afd-4211-9dd7-657100841af1" />
      <TestMethod codeBase="E:\BachelorProject\backend\Tests\IntegrationTests\bin\Debug\net8.0\IntegrationTests.dll" adapterTypeName="executor://xunit/VsTestRunner2/netcoreapp" className="IntegrationTests.Authentication.LoginAdminTests" name="LoginAdmin_WithValidEmailAndValidPassword_ReturnsJwtTokenAndOkResponse" />
    </UnitTest>
    <UnitTest name="IntegrationTests.Purchase.RegisterPurchaseTests.AddPurchase_WhenItemDoesNotExists_Fails" storage="e:\bachelorproject\backend\tests\integrationtests\bin\debug\net8.0\integrationtests.dll" id="bd342d3b-1eae-c88f-f691-f7ebcbba93b1">
      <Execution id="c042a090-b89a-4540-a6f8-85135908f124" />
      <TestMethod codeBase="E:\BachelorProject\backend\Tests\IntegrationTests\bin\Debug\net8.0\IntegrationTests.dll" adapterTypeName="executor://xunit/VsTestRunner2/netcoreapp" className="IntegrationTests.Purchase.RegisterPurchaseTests" name="AddPurchase_WhenItemDoesNotExists_Fails" />
    </UnitTest>
    <UnitTest name="IntegrationTests.Expense.ExpenseTests.RegisterExpense_WithValidEmployeeRequest_Succeeds" storage="e:\bachelorproject\backend\tests\integrationtests\bin\debug\net8.0\integrationtests.dll" id="4d616965-c2ca-27f9-b9fc-f1df04108041">
      <Execution id="2a63d5ed-f899-49d0-aa9a-2dc43b1472de" />
      <TestMethod codeBase="E:\BachelorProject\backend\Tests\IntegrationTests\bin\Debug\net8.0\IntegrationTests.dll" adapterTypeName="executor://xunit/VsTestRunner2/netcoreapp" className="IntegrationTests.Expense.ExpenseTests" name="RegisterExpense_WithValidEmployeeRequest_Succeeds" />
    </UnitTest>
    <UnitTest name="IntegrationTests.Income.IncomeTests.RegisterIncome_WhenBillingPartyDoesNotExists_Fails" storage="e:\bachelorproject\backend\tests\integrationtests\bin\debug\net8.0\integrationtests.dll" id="8f2c969d-4e43-bd61-91ca-1a26c7b43509">
      <Execution id="855da8aa-1798-425f-961e-fa540524c773" />
      <TestMethod codeBase="E:\BachelorProject\backend\Tests\IntegrationTests\bin\Debug\net8.0\IntegrationTests.dll" adapterTypeName="executor://xunit/VsTestRunner2/netcoreapp" className="IntegrationTests.Income.IncomeTests" name="RegisterIncome_WhenBillingPartyDoesNotExists_Fails" />
    </UnitTest>
    <UnitTest name="IntegrationTests.Authentication.RegisterAdminTests.Register_AdminWithAdminToken_WhenAdminAlreadyExists_Fails" storage="e:\bachelorproject\backend\tests\integrationtests\bin\debug\net8.0\integrationtests.dll" id="967d1735-5444-12c3-bb9d-a715d1469c10">
      <Execution id="02da77e7-3243-4a37-a5e6-8b29715c0f86" />
      <TestMethod codeBase="E:\BachelorProject\backend\Tests\IntegrationTests\bin\Debug\net8.0\IntegrationTests.dll" adapterTypeName="executor://xunit/VsTestRunner2/netcoreapp" className="IntegrationTests.Authentication.RegisterAdminTests" name="Register_AdminWithAdminToken_WhenAdminAlreadyExists_Fails" />
    </UnitTest>
    <UnitTest name="IntegrationTests.BillingParty.GetBillingPartyTests.GetBillingParties_NoToken_Fails" storage="e:\bachelorproject\backend\tests\integrationtests\bin\debug\net8.0\integrationtests.dll" id="3ad72667-13b3-d338-ddbb-e5e2b8d5da82">
      <Execution id="16acbe36-2f0c-4e07-ae35-64eb88d8f9e4" />
      <TestMethod codeBase="E:\BachelorProject\backend\Tests\IntegrationTests\bin\Debug\net8.0\IntegrationTests.dll" adapterTypeName="executor://xunit/VsTestRunner2/netcoreapp" className="IntegrationTests.BillingParty.GetBillingPartyTests" name="GetBillingParties_NoToken_Fails" />
    </UnitTest>
    <UnitTest name="IntegrationTests.Item.stock.GetStocksTests.GetStocks_NoTokenFails" storage="e:\bachelorproject\backend\tests\integrationtests\bin\debug\net8.0\integrationtests.dll" id="96da9879-6143-0f2f-f400-1f122a7fdad5">
      <Execution id="b96b1e29-7aeb-4a6a-8117-e5e1da2a2386" />
      <TestMethod codeBase="E:\BachelorProject\backend\Tests\IntegrationTests\bin\Debug\net8.0\IntegrationTests.dll" adapterTypeName="executor://xunit/VsTestRunner2/netcoreapp" className="IntegrationTests.Item.stock.GetStocksTests" name="GetStocks_NoTokenFails" />
    </UnitTest>
    <UnitTest name="IntegrationTests.Income.GetIncomeByBillingPartyTests.GetIncomeByBillingParty_NoToken_Fails" storage="e:\bachelorproject\backend\tests\integrationtests\bin\debug\net8.0\integrationtests.dll" id="169a0eae-420d-ee5b-14d8-0fc2c07971ee">
      <Execution id="e3c3aefb-7749-415f-a894-3e3af3e2900d" />
      <TestMethod codeBase="E:\BachelorProject\backend\Tests\IntegrationTests\bin\Debug\net8.0\IntegrationTests.dll" adapterTypeName="executor://xunit/VsTestRunner2/netcoreapp" className="IntegrationTests.Income.GetIncomeByBillingPartyTests" name="GetIncomeByBillingParty_NoToken_Fails" />
    </UnitTest>
    <UnitTest name="IntegrationTests.BillingParty.UpdateBillingPartyCommandTests.UpdateBillingParty_ValidBillingParty_PartyDoesNotExist_Fails" storage="e:\bachelorproject\backend\tests\integrationtests\bin\debug\net8.0\integrationtests.dll" id="4a288301-c535-9f11-d2b3-8de27c33046a">
      <Execution id="2850200e-5976-4494-b3e3-a07b4c2ceef7" />
      <TestMethod codeBase="E:\BachelorProject\backend\Tests\IntegrationTests\bin\Debug\net8.0\IntegrationTests.dll" adapterTypeName="executor://xunit/VsTestRunner2/netcoreapp" className="IntegrationTests.BillingParty.UpdateBillingPartyCommandTests" name="UpdateBillingParty_ValidBillingParty_PartyDoesNotExist_Fails" />
    </UnitTest>
    <UnitTest name="IntegrationTests.Item.CreateItemTests.CreateItem_ValidItemNameThatAlreadyExists_WithAdminToken_Fails(itemName: &quot;someitem name&quot;)" storage="e:\bachelorproject\backend\tests\integrationtests\bin\debug\net8.0\integrationtests.dll" id="41f55043-2ebd-fc3d-1d44-94739afc60f3">
      <Execution id="93eb0142-a775-493f-8d7a-be0d36a0d6e6" />
      <TestMethod codeBase="E:\BachelorProject\backend\Tests\IntegrationTests\bin\Debug\net8.0\IntegrationTests.dll" adapterTypeName="executor://xunit/VsTestRunner2/netcoreapp" className="IntegrationTests.Item.CreateItemTests" name="CreateItem_ValidItemNameThatAlreadyExists_WithAdminToken_Fails" />
    </UnitTest>
    <UnitTest name="IntegrationTests.Item.CreateItemTests.CreateItem_ValidItemName_WithAdminToken_Succeeds(itemName: &quot;gatta&quot;)" storage="e:\bachelorproject\backend\tests\integrationtests\bin\debug\net8.0\integrationtests.dll" id="864fab4f-a49e-1231-5af1-38f65889f74a">
      <Execution id="80d6a4bf-fd6d-4565-9701-d4cd01d7bf9e" />
      <TestMethod codeBase="E:\BachelorProject\backend\Tests\IntegrationTests\bin\Debug\net8.0\IntegrationTests.dll" adapterTypeName="executor://xunit/VsTestRunner2/netcoreapp" className="IntegrationTests.Item.CreateItemTests" name="CreateItem_ValidItemName_WithAdminToken_Succeeds" />
    </UnitTest>
    <UnitTest name="IntegrationTests.Item.CreateItemTests.CreateItem_InValidItemName_WithAdminToken_Fails(itemName: &quot;aaaaaaaaaaaaaaaaaaaaa&quot;)" storage="e:\bachelorproject\backend\tests\integrationtests\bin\debug\net8.0\integrationtests.dll" id="c330e391-96d3-0da1-5a63-b32c5f87b31b">
      <Execution id="04fd3b87-b267-4efc-adad-d1aec32e80e9" />
      <TestMethod codeBase="E:\BachelorProject\backend\Tests\IntegrationTests\bin\Debug\net8.0\IntegrationTests.dll" adapterTypeName="executor://xunit/VsTestRunner2/netcoreapp" className="IntegrationTests.Item.CreateItemTests" name="CreateItem_InValidItemName_WithAdminToken_Fails" />
    </UnitTest>
    <UnitTest name="IntegrationTests.Item.GetItemTests.GetItems_NoItems_ReturnsAnEmptyList" storage="e:\bachelorproject\backend\tests\integrationtests\bin\debug\net8.0\integrationtests.dll" id="c778d1c5-7ecb-2819-4994-058795401556">
      <Execution id="aa84932d-5557-48aa-95e5-45f0ba5c40b8" />
      <TestMethod codeBase="E:\BachelorProject\backend\Tests\IntegrationTests\bin\Debug\net8.0\IntegrationTests.dll" adapterTypeName="executor://xunit/VsTestRunner2/netcoreapp" className="IntegrationTests.Item.GetItemTests" name="GetItems_NoItems_ReturnsAnEmptyList" />
    </UnitTest>
    <UnitTest name="IntegrationTests.Item.UpdateItemTests.UpdateItem_NoToken_Fails" storage="e:\bachelorproject\backend\tests\integrationtests\bin\debug\net8.0\integrationtests.dll" id="353abf75-9ecc-8a54-41af-3928e472fb28">
      <Execution id="1190c67d-b4ae-455b-8095-1bf569f6aa18" />
      <TestMethod codeBase="E:\BachelorProject\backend\Tests\IntegrationTests\bin\Debug\net8.0\IntegrationTests.dll" adapterTypeName="executor://xunit/VsTestRunner2/netcoreapp" className="IntegrationTests.Item.UpdateItemTests" name="UpdateItem_NoToken_Fails" />
    </UnitTest>
    <UnitTest name="IntegrationTests.Item.CreateItemTests.CreateItem_InValidItemName_WithAdminToken_Fails(itemName: &quot;hami Nepali Hamro Nepal&quot;)" storage="e:\bachelorproject\backend\tests\integrationtests\bin\debug\net8.0\integrationtests.dll" id="a4c6a727-e446-99d5-3c00-f3c44b63c7c1">
      <Execution id="e8a0b768-25fd-4319-9e4b-545a65c082cb" />
      <TestMethod codeBase="E:\BachelorProject\backend\Tests\IntegrationTests\bin\Debug\net8.0\IntegrationTests.dll" adapterTypeName="executor://xunit/VsTestRunner2/netcoreapp" className="IntegrationTests.Item.CreateItemTests" name="CreateItem_InValidItemName_WithAdminToken_Fails" />
    </UnitTest>
    <UnitTest name="IntegrationTests.Item.CreateItemTests.CreateItem_ValidItemNameThatAlreadyExists_WithAdminToken_Fails(itemName: &quot;someitem name12&quot;)" storage="e:\bachelorproject\backend\tests\integrationtests\bin\debug\net8.0\integrationtests.dll" id="7363bcc8-fcd5-7d19-088a-1a0e8ab43494">
      <Execution id="15ec46ec-ab5c-447e-94a4-0898ce08ca5e" />
      <TestMethod codeBase="E:\BachelorProject\backend\Tests\IntegrationTests\bin\Debug\net8.0\IntegrationTests.dll" adapterTypeName="executor://xunit/VsTestRunner2/netcoreapp" className="IntegrationTests.Item.CreateItemTests" name="CreateItem_ValidItemNameThatAlreadyExists_WithAdminToken_Fails" />
    </UnitTest>
    <UnitTest name="IntegrationTests.Item.CreateItemTests.CreateItem_InValidItemName_WithAdminToken_Fails(itemName: &quot;&quot;)" storage="e:\bachelorproject\backend\tests\integrationtests\bin\debug\net8.0\integrationtests.dll" id="4d128c6d-4f49-0b08-7340-66651a16b181">
      <Execution id="f8b31ab6-4166-4d9b-9ada-5953f7328088" />
      <TestMethod codeBase="E:\BachelorProject\backend\Tests\IntegrationTests\bin\Debug\net8.0\IntegrationTests.dll" adapterTypeName="executor://xunit/VsTestRunner2/netcoreapp" className="IntegrationTests.Item.CreateItemTests" name="CreateItem_InValidItemName_WithAdminToken_Fails" />
    </UnitTest>
    <UnitTest name="IntegrationTests.Item.stock.GetStocksTests.GetStocks_WhenItemDoesNotExist_ReturnsEmptyList" storage="e:\bachelorproject\backend\tests\integrationtests\bin\debug\net8.0\integrationtests.dll" id="a425d7a3-0436-8ec7-4b2c-bb79d32cb3ff">
      <Execution id="b291a22a-ba6a-4b28-97b6-bb204c0169fc" />
      <TestMethod codeBase="E:\BachelorProject\backend\Tests\IntegrationTests\bin\Debug\net8.0\IntegrationTests.dll" adapterTypeName="executor://xunit/VsTestRunner2/netcoreapp" className="IntegrationTests.Item.stock.GetStocksTests" name="GetStocks_WhenItemDoesNotExist_ReturnsEmptyList" />
    </UnitTest>
    <UnitTest name="IntegrationTests.Expense.ExpenseTests.RegisterExpense_WhenBillingPartyDoesNotExists_Fails" storage="e:\bachelorproject\backend\tests\integrationtests\bin\debug\net8.0\integrationtests.dll" id="5e717479-d864-c96c-d0c1-3bd29ff06ea0">
      <Execution id="127dc719-73a2-4062-a247-7c4ed7986f07" />
      <TestMethod codeBase="E:\BachelorProject\backend\Tests\IntegrationTests\bin\Debug\net8.0\IntegrationTests.dll" adapterTypeName="executor://xunit/VsTestRunner2/netcoreapp" className="IntegrationTests.Expense.ExpenseTests" name="RegisterExpense_WhenBillingPartyDoesNotExists_Fails" />
    </UnitTest>
    <UnitTest name="IntegrationTests.Item.CreateItemTests.CreateItem_NoToken_Fails" storage="e:\bachelorproject\backend\tests\integrationtests\bin\debug\net8.0\integrationtests.dll" id="c2476bf0-6d71-dea2-cadd-9672df1c5f91">
      <Execution id="f960e09d-cd87-4b96-bd8e-c2a1a69ff89f" />
      <TestMethod codeBase="E:\BachelorProject\backend\Tests\IntegrationTests\bin\Debug\net8.0\IntegrationTests.dll" adapterTypeName="executor://xunit/VsTestRunner2/netcoreapp" className="IntegrationTests.Item.CreateItemTests" name="CreateItem_NoToken_Fails" />
    </UnitTest>
    <UnitTest name="IntegrationTests.Authentication.LoginAdminTests.LoginAdmin_WithValidEmailAnd_InValidPassword_ReturnsBadRequestResponse_WithCorrectErrorMessage" storage="e:\bachelorproject\backend\tests\integrationtests\bin\debug\net8.0\integrationtests.dll" id="98d0595b-09c7-726c-8030-858172eda69a">
      <Execution id="4391563b-ace3-4f2a-8be2-717191fef014" />
      <TestMethod codeBase="E:\BachelorProject\backend\Tests\IntegrationTests\bin\Debug\net8.0\IntegrationTests.dll" adapterTypeName="executor://xunit/VsTestRunner2/netcoreapp" className="IntegrationTests.Authentication.LoginAdminTests" name="LoginAdmin_WithValidEmailAnd_InValidPassword_ReturnsBadRequestResponse_WithCorrectErrorMessage" />
    </UnitTest>
    <UnitTest name="IntegrationTests.Purchase.RegisterPurchaseTests.AddPurchase_WhenBillingPartyDoesNotExists_Fails" storage="e:\bachelorproject\backend\tests\integrationtests\bin\debug\net8.0\integrationtests.dll" id="09e18052-9240-2f11-7889-e103f4954b7e">
      <Execution id="2ff8e0c5-6bc2-4fa3-a159-508fada6b8db" />
      <TestMethod codeBase="E:\BachelorProject\backend\Tests\IntegrationTests\bin\Debug\net8.0\IntegrationTests.dll" adapterTypeName="executor://xunit/VsTestRunner2/netcoreapp" className="IntegrationTests.Purchase.RegisterPurchaseTests" name="AddPurchase_WhenBillingPartyDoesNotExists_Fails" />
    </UnitTest>
    <UnitTest name="IntegrationTests.Item.GetItemTests.GetItem_ItemExistsInDatabase_ReturnsListOfItems" storage="e:\bachelorproject\backend\tests\integrationtests\bin\debug\net8.0\integrationtests.dll" id="d7f945da-d835-e8ee-9a91-6cd97b8bf2f9">
      <Execution id="436ee76f-b277-4e2c-ac41-e9967403d340" />
      <TestMethod codeBase="E:\BachelorProject\backend\Tests\IntegrationTests\bin\Debug\net8.0\IntegrationTests.dll" adapterTypeName="executor://xunit/VsTestRunner2/netcoreapp" className="IntegrationTests.Item.GetItemTests" name="GetItem_ItemExistsInDatabase_ReturnsListOfItems" />
    </UnitTest>
    <UnitTest name="IntegrationTests.Authentication.RegisterAdminTests.RegisterAdmin_WithAdminToken_InvalidPassword_LessThan5Chars_Fails" storage="e:\bachelorproject\backend\tests\integrationtests\bin\debug\net8.0\integrationtests.dll" id="555b7d2d-b6e2-f179-a6b4-4d9ae10723bc">
      <Execution id="cb74f875-f2dd-4862-b730-f61c0b9b85c3" />
      <TestMethod codeBase="E:\BachelorProject\backend\Tests\IntegrationTests\bin\Debug\net8.0\IntegrationTests.dll" adapterTypeName="executor://xunit/VsTestRunner2/netcoreapp" className="IntegrationTests.Authentication.RegisterAdminTests" name="RegisterAdmin_WithAdminToken_InvalidPassword_LessThan5Chars_Fails" />
    </UnitTest>
    <UnitTest name="IntegrationTests.Item.stock.GetStocksTests.GetStocks_WhenItemExists_AndStocksDoesNotExists_ReturnsSuccessWithEmptyList" storage="e:\bachelorproject\backend\tests\integrationtests\bin\debug\net8.0\integrationtests.dll" id="7cb1f8c2-cad1-79ce-224c-81bb5543ad4f">
      <Execution id="36662716-2bf0-4f50-a3dd-6b3c68e14cf6" />
      <TestMethod codeBase="E:\BachelorProject\backend\Tests\IntegrationTests\bin\Debug\net8.0\IntegrationTests.dll" adapterTypeName="executor://xunit/VsTestRunner2/netcoreapp" className="IntegrationTests.Item.stock.GetStocksTests" name="GetStocks_WhenItemExists_AndStocksDoesNotExists_ReturnsSuccessWithEmptyList" />
    </UnitTest>
    <UnitTest name="IntegrationTests.Item.stock.ReduceStockTests.Reduce_WhenItemExists_ReducesStock" storage="e:\bachelorproject\backend\tests\integrationtests\bin\debug\net8.0\integrationtests.dll" id="27e03e92-b732-d0dc-41d3-059f36767834">
      <Execution id="b6f1e1a1-0b04-4883-9258-59455e6872bf" />
      <TestMethod codeBase="E:\BachelorProject\backend\Tests\IntegrationTests\bin\Debug\net8.0\IntegrationTests.dll" adapterTypeName="executor://xunit/VsTestRunner2/netcoreapp" className="IntegrationTests.Item.stock.ReduceStockTests" name="Reduce_WhenItemExists_ReducesStock" />
    </UnitTest>
    <UnitTest name="IntegrationTests.Authentication.RegisterAdminTests.RegisterAdmin_WithAdminToken_Succeeds" storage="e:\bachelorproject\backend\tests\integrationtests\bin\debug\net8.0\integrationtests.dll" id="45da140b-a3af-f0bd-b115-b16c78582d76">
      <Execution id="63089cc8-80da-4921-a48a-c48196941bed" />
      <TestMethod codeBase="E:\BachelorProject\backend\Tests\IntegrationTests\bin\Debug\net8.0\IntegrationTests.dll" adapterTypeName="executor://xunit/VsTestRunner2/netcoreapp" className="IntegrationTests.Authentication.RegisterAdminTests" name="RegisterAdmin_WithAdminToken_Succeeds" />
    </UnitTest>
    <UnitTest name="IntegrationTests.Item.stock.ReduceStockTests.RemoveStock_NoTokenFails" storage="e:\bachelorproject\backend\tests\integrationtests\bin\debug\net8.0\integrationtests.dll" id="4304e851-8846-b7e5-f8ed-4d4b633dca8e">
      <Execution id="5d394b84-f586-407e-80b0-ce3ba3994dad" />
      <TestMethod codeBase="E:\BachelorProject\backend\Tests\IntegrationTests\bin\Debug\net8.0\IntegrationTests.dll" adapterTypeName="executor://xunit/VsTestRunner2/netcoreapp" className="IntegrationTests.Item.stock.ReduceStockTests" name="RemoveStock_NoTokenFails" />
    </UnitTest>
    <UnitTest name="IntegrationTests.Item.UpdateItemTests.UpdateItem_ItemNameAlreadyExists_WithAdminToken_Fails" storage="e:\bachelorproject\backend\tests\integrationtests\bin\debug\net8.0\integrationtests.dll" id="45ebb689-ff07-7105-c4b1-be5dda0140db">
      <Execution id="a6c99a3c-19a8-4cf5-8911-59b993fb5c3c" />
      <TestMethod codeBase="E:\BachelorProject\backend\Tests\IntegrationTests\bin\Debug\net8.0\IntegrationTests.dll" adapterTypeName="executor://xunit/VsTestRunner2/netcoreapp" className="IntegrationTests.Item.UpdateItemTests" name="UpdateItem_ItemNameAlreadyExists_WithAdminToken_Fails" />
    </UnitTest>
    <UnitTest name="IntegrationTests.BillingParty.CreateTests.CreateBillingParty_ValidBillingParty_Succeeds" storage="e:\bachelorproject\backend\tests\integrationtests\bin\debug\net8.0\integrationtests.dll" id="4fb0d161-90bf-5973-12ee-c0b8112a2bec">
      <Execution id="cda5edf6-dc31-426b-a60a-3ec4726504d8" />
      <TestMethod codeBase="E:\BachelorProject\backend\Tests\IntegrationTests\bin\Debug\net8.0\IntegrationTests.dll" adapterTypeName="executor://xunit/VsTestRunner2/netcoreapp" className="IntegrationTests.BillingParty.CreateTests" name="CreateBillingParty_ValidBillingParty_Succeeds" />
    </UnitTest>
    <UnitTest name="IntegrationTests.Invoice.Sale.RegisterSaleTests.AddSale_WhenItemAndBillingPartyExists_AddSale" storage="e:\bachelorproject\backend\tests\integrationtests\bin\debug\net8.0\integrationtests.dll" id="26dda7c0-3b54-29de-c49a-f5230aa64b07">
      <Execution id="ec59c79c-1de4-48ee-860e-592061114baf" />
      <TestMethod codeBase="E:\BachelorProject\backend\Tests\IntegrationTests\bin\Debug\net8.0\IntegrationTests.dll" adapterTypeName="executor://xunit/VsTestRunner2/netcoreapp" className="IntegrationTests.Invoice.Sale.RegisterSaleTests" name="AddSale_WhenItemAndBillingPartyExists_AddSale" />
    </UnitTest>
    <UnitTest name="IntegrationTests.Item.stock.GetStocksTests.GetStocks_WhenItemExists_AndStocksAlsoExists_ReturnsSuccessWithNonEmptyList" storage="e:\bachelorproject\backend\tests\integrationtests\bin\debug\net8.0\integrationtests.dll" id="39f166c3-e3cb-8f9c-8bff-a1ae4d70f50e">
      <Execution id="814d0658-f996-414d-a58b-fc6e4ccd7f07" />
      <TestMethod codeBase="E:\BachelorProject\backend\Tests\IntegrationTests\bin\Debug\net8.0\IntegrationTests.dll" adapterTypeName="executor://xunit/VsTestRunner2/netcoreapp" className="IntegrationTests.Item.stock.GetStocksTests" name="GetStocks_WhenItemExists_AndStocksAlsoExists_ReturnsSuccessWithNonEmptyList" />
    </UnitTest>
    <UnitTest name="IntegrationTests.Item.CreateItemTests.CreateItem_ValidItemNameThatAlreadyExists_WithAdminToken_Fails(itemName: &quot;hamiNepaliHamroNepal&quot;)" storage="e:\bachelorproject\backend\tests\integrationtests\bin\debug\net8.0\integrationtests.dll" id="70511de2-6aa0-9e55-57e0-45c5598e227f">
      <Execution id="fe71799b-a61e-4440-9f20-890570c89684" />
      <TestMethod codeBase="E:\BachelorProject\backend\Tests\IntegrationTests\bin\Debug\net8.0\IntegrationTests.dll" adapterTypeName="executor://xunit/VsTestRunner2/netcoreapp" className="IntegrationTests.Item.CreateItemTests" name="CreateItem_ValidItemNameThatAlreadyExists_WithAdminToken_Fails" />
    </UnitTest>
    <UnitTest name="IntegrationTests.Authentication.RegisterAdminTests.RegisterAdmin_WithAdminToken_InvalidPassword_NotLetterAndNumber_Fails" storage="e:\bachelorproject\backend\tests\integrationtests\bin\debug\net8.0\integrationtests.dll" id="6bb2eceb-1294-23a9-ca2f-c6e284f41842">
      <Execution id="578ceb96-fa35-4e1f-9451-f96eddbabd6c" />
      <TestMethod codeBase="E:\BachelorProject\backend\Tests\IntegrationTests\bin\Debug\net8.0\IntegrationTests.dll" adapterTypeName="executor://xunit/VsTestRunner2/netcoreapp" className="IntegrationTests.Authentication.RegisterAdminTests" name="RegisterAdmin_WithAdminToken_InvalidPassword_NotLetterAndNumber_Fails" />
    </UnitTest>
    <UnitTest name="IntegrationTests.Item.CreateItemTests.CreateItem_ValidItemName_WithAdminToken_Succeeds(itemName: &quot;someitem name12&quot;)" storage="e:\bachelorproject\backend\tests\integrationtests\bin\debug\net8.0\integrationtests.dll" id="789fc19c-36e4-aa66-38d7-a177b6446379">
      <Execution id="7819a360-42ad-4d4c-b68b-e5c37254e3bb" />
      <TestMethod codeBase="E:\BachelorProject\backend\Tests\IntegrationTests\bin\Debug\net8.0\IntegrationTests.dll" adapterTypeName="executor://xunit/VsTestRunner2/netcoreapp" className="IntegrationTests.Item.CreateItemTests" name="CreateItem_ValidItemName_WithAdminToken_Succeeds" />
    </UnitTest>
    <UnitTest name="IntegrationTests.Authentication.RegisterAdminTests.RegisterAdmin_WithEmployeeToken_Fails" storage="e:\bachelorproject\backend\tests\integrationtests\bin\debug\net8.0\integrationtests.dll" id="bccd5e39-0155-dbe3-624c-d9d79790ac17">
      <Execution id="e975bd32-3bf6-40c6-996a-185722d830c4" />
      <TestMethod codeBase="E:\BachelorProject\backend\Tests\IntegrationTests\bin\Debug\net8.0\IntegrationTests.dll" adapterTypeName="executor://xunit/VsTestRunner2/netcoreapp" className="IntegrationTests.Authentication.RegisterAdminTests" name="RegisterAdmin_WithEmployeeToken_Fails" />
    </UnitTest>
    <UnitTest name="IntegrationTests.Item.UpdateItemTests.UpdateItem_InvalidGUID_WithAdminToken_Fails" storage="e:\bachelorproject\backend\tests\integrationtests\bin\debug\net8.0\integrationtests.dll" id="fa87bfb6-34ee-daa9-23b4-349ddf932e0d">
      <Execution id="b0064bdb-b1e2-43a3-b135-261bcc9ce4db" />
      <TestMethod codeBase="E:\BachelorProject\backend\Tests\IntegrationTests\bin\Debug\net8.0\IntegrationTests.dll" adapterTypeName="executor://xunit/VsTestRunner2/netcoreapp" className="IntegrationTests.Item.UpdateItemTests" name="UpdateItem_InvalidGUID_WithAdminToken_Fails" />
    </UnitTest>
  </TestDefinitions>
  <TestEntries>
    <TestEntry testId="4846976f-1623-62a9-d753-63cb5c3f64a6" executionId="ac1fdc7a-1423-4228-83a6-4a1c4c240b2a" testListId="8c84fa94-04c1-424b-9868-57a2d4851a1d" />
    <TestEntry testId="45fe0879-5186-d3d6-407d-2be81a71fd46" executionId="349e02d9-321e-4fe5-9629-134ced7e083f" testListId="8c84fa94-04c1-424b-9868-57a2d4851a1d" />
    <TestEntry testId="f82c28a9-4114-c5b5-fa41-6e25b90fa81d" executionId="64284a6a-96d7-4221-9cbb-9c7db594cf96" testListId="8c84fa94-04c1-424b-9868-57a2d4851a1d" />
    <TestEntry testId="0e15bc42-512c-cc48-2fe8-91515286ce31" executionId="f152cd96-9f1b-43e8-9303-351f3d5c840e" testListId="8c84fa94-04c1-424b-9868-57a2d4851a1d" />
    <TestEntry testId="d6f2c29b-879a-7066-02d6-be8c511e4b8b" executionId="bcbb53e9-7b0d-4ac7-bbb0-708fbfb8a1dd" testListId="8c84fa94-04c1-424b-9868-57a2d4851a1d" />
    <TestEntry testId="937ae4c0-69b3-b0c9-5a9b-20e3c728e9f2" executionId="02c94ccb-57bf-468c-80e4-e4e199a965a2" testListId="8c84fa94-04c1-424b-9868-57a2d4851a1d" />
    <TestEntry testId="425c1968-be5d-bf0c-bbee-2094b9cb6701" executionId="225d5efa-9420-44ce-a664-a7b870c7ffcf" testListId="8c84fa94-04c1-424b-9868-57a2d4851a1d" />
    <TestEntry testId="565c3fe1-ecca-d1e0-9167-d92cf1773d5e" executionId="47e3f868-5f80-4b8b-83e8-0a70ee7bdd94" testListId="8c84fa94-04c1-424b-9868-57a2d4851a1d" />
    <TestEntry testId="c330e391-96d3-0da1-5a63-b32c5f87b31b" executionId="04fd3b87-b267-4efc-adad-d1aec32e80e9" testListId="8c84fa94-04c1-424b-9868-57a2d4851a1d" />
    <TestEntry testId="8f2c969d-4e43-bd61-91ca-1a26c7b43509" executionId="855da8aa-1798-425f-961e-fa540524c773" testListId="8c84fa94-04c1-424b-9868-57a2d4851a1d" />
    <TestEntry testId="96f1d89a-97d0-9a74-e0a3-18013960a3b9" executionId="134e29ef-3732-40bb-8b75-d39f466567dc" testListId="8c84fa94-04c1-424b-9868-57a2d4851a1d" />
    <TestEntry testId="dea42579-a0f4-e6ee-37b0-a02988ad9dee" executionId="19961ac7-50ca-49f9-83aa-f3cd9ca650a2" testListId="8c84fa94-04c1-424b-9868-57a2d4851a1d" />
    <TestEntry testId="df72c0ed-4afa-66af-4a81-adfeb072350b" executionId="452abf19-1251-4867-ae93-7d0baa5b7e3f" testListId="8c84fa94-04c1-424b-9868-57a2d4851a1d" />
    <TestEntry testId="96da9879-6143-0f2f-f400-1f122a7fdad5" executionId="b96b1e29-7aeb-4a6a-8117-e5e1da2a2386" testListId="8c84fa94-04c1-424b-9868-57a2d4851a1d" />
    <TestEntry testId="a4c6a727-e446-99d5-3c00-f3c44b63c7c1" executionId="e8a0b768-25fd-4319-9e4b-545a65c082cb" testListId="8c84fa94-04c1-424b-9868-57a2d4851a1d" />
    <TestEntry testId="98d0595b-09c7-726c-8030-858172eda69a" executionId="4391563b-ace3-4f2a-8be2-717191fef014" testListId="8c84fa94-04c1-424b-9868-57a2d4851a1d" />
    <TestEntry testId="12fad3a8-fa10-9d3f-685f-a83f6d87ea84" executionId="477c11fc-383e-43cf-8720-35732fc17ab3" testListId="8c84fa94-04c1-424b-9868-57a2d4851a1d" />
    <TestEntry testId="789fc19c-36e4-aa66-38d7-a177b6446379" executionId="7819a360-42ad-4d4c-b68b-e5c37254e3bb" testListId="8c84fa94-04c1-424b-9868-57a2d4851a1d" />
    <TestEntry testId="49ccefad-1c41-c438-7c1e-c43ddb94ea45" executionId="431f9f9b-788e-42cd-bd34-3d38817dbb5b" testListId="8c84fa94-04c1-424b-9868-57a2d4851a1d" />
    <TestEntry testId="7363bcc8-fcd5-7d19-088a-1a0e8ab43494" executionId="15ec46ec-ab5c-447e-94a4-0898ce08ca5e" testListId="8c84fa94-04c1-424b-9868-57a2d4851a1d" />
    <TestEntry testId="4304e851-8846-b7e5-f8ed-4d4b633dca8e" executionId="5d394b84-f586-407e-80b0-ce3ba3994dad" testListId="8c84fa94-04c1-424b-9868-57a2d4851a1d" />
    <TestEntry testId="68b9f43d-ec77-2970-45f7-55bd0544e0c4" executionId="2517a4da-0158-4b04-8864-10c9ff5ed0ba" testListId="8c84fa94-04c1-424b-9868-57a2d4851a1d" />
    <TestEntry testId="09e18052-9240-2f11-7889-e103f4954b7e" executionId="2ff8e0c5-6bc2-4fa3-a159-508fada6b8db" testListId="8c84fa94-04c1-424b-9868-57a2d4851a1d" />
    <TestEntry testId="45ebb689-ff07-7105-c4b1-be5dda0140db" executionId="a6c99a3c-19a8-4cf5-8911-59b993fb5c3c" testListId="8c84fa94-04c1-424b-9868-57a2d4851a1d" />
    <TestEntry testId="1a12a2ea-430e-7a26-79ef-6561861e791e" executionId="16025866-2732-4f69-b25b-1076b81d1da8" testListId="8c84fa94-04c1-424b-9868-57a2d4851a1d" />
    <TestEntry testId="fa87bfb6-34ee-daa9-23b4-349ddf932e0d" executionId="b0064bdb-b1e2-43a3-b135-261bcc9ce4db" testListId="8c84fa94-04c1-424b-9868-57a2d4851a1d" />
    <TestEntry testId="cab6102b-c62a-741a-40c5-87a77acf55c8" executionId="68d9603d-6d21-4c07-acc3-c78b912105d7" testListId="8c84fa94-04c1-424b-9868-57a2d4851a1d" />
    <TestEntry testId="5d4ea06e-dded-f8ec-c0da-d56d75d0df83" executionId="0a2e3934-cdb2-43bc-aef0-a08ac98d8bcb" testListId="8c84fa94-04c1-424b-9868-57a2d4851a1d" />
    <TestEntry testId="353abf75-9ecc-8a54-41af-3928e472fb28" executionId="1190c67d-b4ae-455b-8095-1bf569f6aa18" testListId="8c84fa94-04c1-424b-9868-57a2d4851a1d" />
    <TestEntry testId="7cb1f8c2-cad1-79ce-224c-81bb5543ad4f" executionId="36662716-2bf0-4f50-a3dd-6b3c68e14cf6" testListId="8c84fa94-04c1-424b-9868-57a2d4851a1d" />
    <TestEntry testId="4d128c6d-4f49-0b08-7340-66651a16b181" executionId="f8b31ab6-4166-4d9b-9ada-5953f7328088" testListId="8c84fa94-04c1-424b-9868-57a2d4851a1d" />
    <TestEntry testId="260e112a-9ce0-14bf-c2bc-33e52b7d544b" executionId="cd7654a2-9486-473c-8c5a-58f4fd1afe03" testListId="8c84fa94-04c1-424b-9868-57a2d4851a1d" />
    <TestEntry testId="4a288301-c535-9f11-d2b3-8de27c33046a" executionId="2850200e-5976-4494-b3e3-a07b4c2ceef7" testListId="8c84fa94-04c1-424b-9868-57a2d4851a1d" />
    <TestEntry testId="12c0cecb-c561-22ec-7e52-c6ec5e56b729" executionId="591eefe7-6c58-4cb7-a1e5-b5ae1b9f012f" testListId="8c84fa94-04c1-424b-9868-57a2d4851a1d" />
    <TestEntry testId="169a0eae-420d-ee5b-14d8-0fc2c07971ee" executionId="e3c3aefb-7749-415f-a894-3e3af3e2900d" testListId="8c84fa94-04c1-424b-9868-57a2d4851a1d" />
    <TestEntry testId="bd342d3b-1eae-c88f-f691-f7ebcbba93b1" executionId="c042a090-b89a-4540-a6f8-85135908f124" testListId="8c84fa94-04c1-424b-9868-57a2d4851a1d" />
    <TestEntry testId="4d616965-c2ca-27f9-b9fc-f1df04108041" executionId="2a63d5ed-f899-49d0-aa9a-2dc43b1472de" testListId="8c84fa94-04c1-424b-9868-57a2d4851a1d" />
    <TestEntry testId="908f96af-96f5-5444-d284-dd059f27e0e2" executionId="c172fb23-12a2-4ddf-9bb1-fbb128393543" testListId="8c84fa94-04c1-424b-9868-57a2d4851a1d" />
    <TestEntry testId="39f166c3-e3cb-8f9c-8bff-a1ae4d70f50e" executionId="814d0658-f996-414d-a58b-fc6e4ccd7f07" testListId="8c84fa94-04c1-424b-9868-57a2d4851a1d" />
    <TestEntry testId="864fab4f-a49e-1231-5af1-38f65889f74a" executionId="80d6a4bf-fd6d-4565-9701-d4cd01d7bf9e" testListId="8c84fa94-04c1-424b-9868-57a2d4851a1d" />
    <TestEntry testId="c778d1c5-7ecb-2819-4994-058795401556" executionId="aa84932d-5557-48aa-95e5-45f0ba5c40b8" testListId="8c84fa94-04c1-424b-9868-57a2d4851a1d" />
    <TestEntry testId="43380cbe-34f9-677c-11c1-d324051f57ab" executionId="8f629a00-2e89-4a25-a0f5-b4916f41a75a" testListId="8c84fa94-04c1-424b-9868-57a2d4851a1d" />
    <TestEntry testId="f44d1c77-1e2f-f3dd-c218-526e21b40067" executionId="10fcbc8c-51ad-4f34-956e-eb57c673e78c" testListId="8c84fa94-04c1-424b-9868-57a2d4851a1d" />
    <TestEntry testId="44fec095-6fc2-8b5f-8da4-2d3f6bf7e0f7" executionId="fad0b4ba-05d7-4d44-93b1-a3a519a04071" testListId="8c84fa94-04c1-424b-9868-57a2d4851a1d" />
    <TestEntry testId="0349a805-41b5-2fd8-7c51-6ba5244a5712" executionId="003ac38e-8e8d-45fc-bc88-41cbf34e951e" testListId="8c84fa94-04c1-424b-9868-57a2d4851a1d" />
    <TestEntry testId="1375fa22-0e84-5f8f-684d-77b1d20101a7" executionId="3e2bcb88-da63-42cd-8c6b-5d614b440131" testListId="8c84fa94-04c1-424b-9868-57a2d4851a1d" />
    <TestEntry testId="967d1735-5444-12c3-bb9d-a715d1469c10" executionId="02da77e7-3243-4a37-a5e6-8b29715c0f86" testListId="8c84fa94-04c1-424b-9868-57a2d4851a1d" />
    <TestEntry testId="70511de2-6aa0-9e55-57e0-45c5598e227f" executionId="fe71799b-a61e-4440-9f20-890570c89684" testListId="8c84fa94-04c1-424b-9868-57a2d4851a1d" />
    <TestEntry testId="efcf6899-7305-cff1-7d64-ae401666dbfa" executionId="37dfe997-65f4-4796-89db-39281e469a29" testListId="8c84fa94-04c1-424b-9868-57a2d4851a1d" />
    <TestEntry testId="41124fcc-5753-078a-503e-3d7981ba8ca0" executionId="345da6a7-749c-4150-8f51-754477f7d988" testListId="8c84fa94-04c1-424b-9868-57a2d4851a1d" />
    <TestEntry testId="26dda7c0-3b54-29de-c49a-f5230aa64b07" executionId="ec59c79c-1de4-48ee-860e-592061114baf" testListId="8c84fa94-04c1-424b-9868-57a2d4851a1d" />
    <TestEntry testId="b767f730-74c6-4041-7165-3a2876ad49b9" executionId="fd6502d8-40e6-438a-9c45-8c0cdc672739" testListId="8c84fa94-04c1-424b-9868-57a2d4851a1d" />
    <TestEntry testId="5e717479-d864-c96c-d0c1-3bd29ff06ea0" executionId="127dc719-73a2-4062-a247-7c4ed7986f07" testListId="8c84fa94-04c1-424b-9868-57a2d4851a1d" />
    <TestEntry testId="10e4e52a-5516-e8d4-01c9-aba487855d58" executionId="2127d9c5-d651-472b-8b3b-26630e60169b" testListId="8c84fa94-04c1-424b-9868-57a2d4851a1d" />
    <TestEntry testId="b52e085c-ab68-3162-4456-9d5d378a0cd2" executionId="4bbcca2c-a468-4e50-9b80-339a5581e4f1" testListId="8c84fa94-04c1-424b-9868-57a2d4851a1d" />
    <TestEntry testId="bccd5e39-0155-dbe3-624c-d9d79790ac17" executionId="e975bd32-3bf6-40c6-996a-185722d830c4" testListId="8c84fa94-04c1-424b-9868-57a2d4851a1d" />
    <TestEntry testId="0a882ee1-39cd-f5ce-c2a9-ee8eda2bef58" executionId="c106ee24-3c0f-47f8-b300-00d5c4af75e9" testListId="8c84fa94-04c1-424b-9868-57a2d4851a1d" />
    <TestEntry testId="d7f945da-d835-e8ee-9a91-6cd97b8bf2f9" executionId="436ee76f-b277-4e2c-ac41-e9967403d340" testListId="8c84fa94-04c1-424b-9868-57a2d4851a1d" />
    <TestEntry testId="59d066f5-9c9e-f78d-ce3a-deb487e6b818" executionId="05ded029-35e5-4ec6-a2cc-12c7dc1c351a" testListId="8c84fa94-04c1-424b-9868-57a2d4851a1d" />
    <TestEntry testId="a425d7a3-0436-8ec7-4b2c-bb79d32cb3ff" executionId="b291a22a-ba6a-4b28-97b6-bb204c0169fc" testListId="8c84fa94-04c1-424b-9868-57a2d4851a1d" />
    <TestEntry testId="27e03e92-b732-d0dc-41d3-059f36767834" executionId="b6f1e1a1-0b04-4883-9258-59455e6872bf" testListId="8c84fa94-04c1-424b-9868-57a2d4851a1d" />
    <TestEntry testId="fa4af7f3-14cc-1b8b-af66-bbb011801a38" executionId="bf2bab49-6e48-4a01-a509-38b69234162d" testListId="8c84fa94-04c1-424b-9868-57a2d4851a1d" />
    <TestEntry testId="c2476bf0-6d71-dea2-cadd-9672df1c5f91" executionId="f960e09d-cd87-4b96-bd8e-c2a1a69ff89f" testListId="8c84fa94-04c1-424b-9868-57a2d4851a1d" />
    <TestEntry testId="d6cb4b18-eca3-72ef-9970-7a630dd5beed" executionId="b606c574-033f-4091-a8dd-b75f1a29251c" testListId="8c84fa94-04c1-424b-9868-57a2d4851a1d" />
    <TestEntry testId="ea051fff-ce63-ac10-9c63-ed0af8bf54a2" executionId="743e4774-1e2f-41b1-8fd2-c38b859fc11a" testListId="8c84fa94-04c1-424b-9868-57a2d4851a1d" />
    <TestEntry testId="3022d180-02f8-fff9-de7d-dc8a4ed40959" executionId="710c82f6-7159-4041-ba50-ab27f3ba01e3" testListId="8c84fa94-04c1-424b-9868-57a2d4851a1d" />
    <TestEntry testId="555b7d2d-b6e2-f179-a6b4-4d9ae10723bc" executionId="cb74f875-f2dd-4862-b730-f61c0b9b85c3" testListId="8c84fa94-04c1-424b-9868-57a2d4851a1d" />
    <TestEntry testId="2e823e6e-f8c4-2cde-3879-dda121780d68" executionId="b0c5b569-8afd-4211-9dd7-657100841af1" testListId="8c84fa94-04c1-424b-9868-57a2d4851a1d" />
    <TestEntry testId="45da140b-a3af-f0bd-b115-b16c78582d76" executionId="63089cc8-80da-4921-a48a-c48196941bed" testListId="8c84fa94-04c1-424b-9868-57a2d4851a1d" />
    <TestEntry testId="922a37f2-4056-3cc7-9752-9edea8672d2f" executionId="2b35d6cd-7805-421b-a8a7-4242968a0de3" testListId="8c84fa94-04c1-424b-9868-57a2d4851a1d" />
    <TestEntry testId="d2acf3aa-4832-d5df-8fbd-553dbd4db4db" executionId="aa26a24d-d3c4-42a5-a34b-9a18c3088a2d" testListId="8c84fa94-04c1-424b-9868-57a2d4851a1d" />
    <TestEntry testId="445da819-00b1-73a8-1f7d-81b5cb486378" executionId="6f308437-3efe-4c09-8456-2aac4d670460" testListId="8c84fa94-04c1-424b-9868-57a2d4851a1d" />
    <TestEntry testId="2fc30cb5-3e54-fd45-87e3-184b738cbf25" executionId="91bea66b-0fad-4324-a2c3-d7baa5ba1ffe" testListId="8c84fa94-04c1-424b-9868-57a2d4851a1d" />
    <TestEntry testId="f84b1752-27c5-96aa-054b-c68215b70b9e" executionId="adf5dc04-356b-40ea-b3da-f698380cc1f1" testListId="8c84fa94-04c1-424b-9868-57a2d4851a1d" />
    <TestEntry testId="6bb2eceb-1294-23a9-ca2f-c6e284f41842" executionId="578ceb96-fa35-4e1f-9451-f96eddbabd6c" testListId="8c84fa94-04c1-424b-9868-57a2d4851a1d" />
    <TestEntry testId="de5f5a2f-25be-5c96-eb2e-8dc9fd9654d8" executionId="65a87931-0b79-4a76-97d5-5a80f9be3577" testListId="8c84fa94-04c1-424b-9868-57a2d4851a1d" />
    <TestEntry testId="3ad72667-13b3-d338-ddbb-e5e2b8d5da82" executionId="16acbe36-2f0c-4e07-ae35-64eb88d8f9e4" testListId="8c84fa94-04c1-424b-9868-57a2d4851a1d" />
    <TestEntry testId="41f55043-2ebd-fc3d-1d44-94739afc60f3" executionId="93eb0142-a775-493f-8d7a-be0d36a0d6e6" testListId="8c84fa94-04c1-424b-9868-57a2d4851a1d" />
    <TestEntry testId="4fb0d161-90bf-5973-12ee-c0b8112a2bec" executionId="cda5edf6-dc31-426b-a60a-3ec4726504d8" testListId="8c84fa94-04c1-424b-9868-57a2d4851a1d" />
    <TestEntry testId="7aae8859-ff94-db95-82a3-084aa4e0459a" executionId="47bad5ef-e386-457e-82e3-934ab5102cf8" testListId="8c84fa94-04c1-424b-9868-57a2d4851a1d" />
  </TestEntries>
  <TestLists>
    <TestList name="Results Not in a List" id="8c84fa94-04c1-424b-9868-57a2d4851a1d" />
    <TestList name="All Loaded Results" id="19431567-8539-422a-85d7-44ee4e166bda" />
  </TestLists>
  <ResultSummary outcome="Completed">
    <Counters total="80" executed="80" passed="80" failed="0" error="0" timeout="0" aborted="0" inconclusive="0" passedButRunAborted="0" notRunnable="0" notExecuted="0" disconnected="0" warning="0" completed="0" inProgress="0" pending="0" />
    <Output>
      <StdOut>[xUnit.net 00:00:00.00] xUnit.net VSTest Adapter v2.4.5+1caef2f33e (64-bit .NET 8.0.3)&#xD;
[xUnit.net 00:00:01.12]   Discovering: IntegrationTests&#xD;
[xUnit.net 00:00:01.15]   Discovered:  IntegrationTests&#xD;
[xUnit.net 00:00:01.15]   Starting:    IntegrationTests&#xD;
[xUnit.net 00:00:26.66]   Finished:    IntegrationTests&#xD;
</StdOut>
    </Output>
  </ResultSummary>
</TestRun>